#
# There is insufficient memory for the Java Runtime Environment to continue.
# Native memory allocation (malloc) failed to allocate 845216 bytes for Chunk::new
# Possible reasons:
#   The system is out of physical RAM or swap space
#   The process is running with CompressedOops enabled, and the Java Heap may be blocking the growth of the native heap
# Possible solutions:
#   Reduce memory load on the system
#   Increase physical memory or swap space
#   Check if swap backing store is full
#   Decrease Java heap size (-Xmx/-Xms)
#   Decrease number of Java threads
#   Decrease Java thread stack sizes (-Xss)
#   Set larger code cache with -XX:ReservedCodeCacheSize=
#   JVM is running with Unscaled Compressed Oops mode in which the Java heap is
#     placed in the first 4GB address space. The Java Heap base address is the
#     maximum limit for the native heap growth. Please use -XX:HeapBaseMinAddress
#     to set the Java Heap base and to place the Java Heap above 4GB virtual address.
# This output file may be truncated or incomplete.
#
#  Out of Memory Error (arena.cpp:189), pid=14872, tid=15336
#
# JRE version: OpenJDK Runtime Environment JBR-17.0.5+7-469.71-jcef (17.0.5+7) (build 17.0.5+7-b469.71)
# Java VM: OpenJDK 64-Bit Server VM JBR-17.0.5+7-469.71-jcef (17.0.5+7-b469.71, mixed mode, tiered, compressed oops, compressed class ptrs, g1 gc, windows-amd64)
# No core dump will be written. Minidumps are not enabled by default on client versions of Windows
#

---------------  S U M M A R Y ------------

Command Line: -Dawt.toolkit=com.intellij.desktop.DesktopActionsToolkit -Djava.rmi.server.hostname=127.0.0.1 -Duser.timezone=UTC -Xmx750m -Xms128m --add-exports=java.desktop/sun.awt=ALL-UNNAMED --add-exports=java.desktop/java.awt.peer=ALL-UNNAMED --add-opens=java.desktop/java.awt=ALL-UNNAMED --add-opens=jdk.unsupported/sun.misc=ALL-UNNAMED --add-opens=java.base/java.nio=ALL-UNNAMED --add-opens=java.base/java.util=ALL-UNNAMED -Dfile.encoding=UTF-8 com.intellij.database.remote.RemoteJdbcServer org.postgresql.Driver

Host: 11th Gen Intel(R) Core(TM) i3-1125G4 @ 2.00GHz, 8 cores, 7G,  Windows 10 , 64 bit Build 18362 (10.0.18362.329)
Time: Fri Oct 13 19:03:34 2023 RTZ 2 (зима) elapsed time: 0.873620 seconds (0d 0h 0m 0s)

---------------  T H R E A D  ---------------

Current thread (0x0000023d23c1a090):  JavaThread "C2 CompilerThread1" daemon [_thread_in_native, id=15336, stack(0x000000e278300000,0x000000e278400000)]


Current CompileTask:
C2:    873 1054 % !   4       com.sun.crypto.provider.PBKDF2KeyImpl::deriveKey @ 191 (295 bytes)

Stack: [0x000000e278300000,0x000000e278400000]
Native frames: (J=compiled Java code, j=interpreted, Vv=VM code, C=native code)
V  [jvm.dll+0x6830ca]
V  [jvm.dll+0x83f4c4]
V  [jvm.dll+0x840c6e]
V  [jvm.dll+0x8412d3]
V  [jvm.dll+0x2490b5]
V  [jvm.dll+0xabd5c]
V  [jvm.dll+0xac32c]
V  [jvm.dll+0x2b02df]
V  [jvm.dll+0x589777]
V  [jvm.dll+0x223912]
V  [jvm.dll+0x223cef]
V  [jvm.dll+0x21d5b5]
V  [jvm.dll+0x21aa7b]
V  [jvm.dll+0x1a470d]
V  [jvm.dll+0x22a5f8]
V  [jvm.dll+0x2286b9]
V  [jvm.dll+0x7f4eac]
V  [jvm.dll+0x7ef40a]
V  [jvm.dll+0x681f05]
C  [ucrtbase.dll+0x20e72]
C  [KERNEL32.DLL+0x17bd4]
C  [ntdll.dll+0x6ced1]


---------------  P R O C E S S  ---------------

Threads class SMR info:
_java_thread_list=0x0000023d23d4a030, length=25, elements={
0x0000023d09973160, 0x0000023d229b9510, 0x0000023d229b9fd0, 0x0000023d229f15b0,
0x0000023d229f2070, 0x0000023d229f4940, 0x0000023d229eb4e0, 0x0000023d229ec0d0,
0x0000023d229f09f0, 0x0000023d2342e020, 0x0000023d2358fb50, 0x0000023d23596040,
0x0000023d23838cd0, 0x0000023d237f8b80, 0x0000023d237f9050, 0x0000023d23920d70,
0x0000023d2391d0b0, 0x0000023d2391d980, 0x0000023d2397d450, 0x0000023d239afb30,
0x0000023d239b0930, 0x0000023d239b2ae0, 0x0000023d239b2fb0, 0x0000023d23c1a090,
0x0000023d239b0e00
}

Java Threads: ( => current thread )
  0x0000023d09973160 JavaThread "main" [_thread_blocked, id=11012, stack(0x000000e276400000,0x000000e276500000)]
  0x0000023d229b9510 JavaThread "Reference Handler" daemon [_thread_blocked, id=3120, stack(0x000000e276b00000,0x000000e276c00000)]
  0x0000023d229b9fd0 JavaThread "Finalizer" daemon [_thread_blocked, id=7480, stack(0x000000e276c00000,0x000000e276d00000)]
  0x0000023d229f15b0 JavaThread "Signal Dispatcher" daemon [_thread_blocked, id=13692, stack(0x000000e276d00000,0x000000e276e00000)]
  0x0000023d229f2070 JavaThread "Attach Listener" daemon [_thread_blocked, id=14976, stack(0x000000e276e00000,0x000000e276f00000)]
  0x0000023d229f4940 JavaThread "Service Thread" daemon [_thread_blocked, id=2892, stack(0x000000e276f00000,0x000000e277000000)]
  0x0000023d229eb4e0 JavaThread "Monitor Deflation Thread" daemon [_thread_blocked, id=12436, stack(0x000000e277000000,0x000000e277100000)]
  0x0000023d229ec0d0 JavaThread "C2 CompilerThread0" daemon [_thread_in_native, id=1388, stack(0x000000e277100000,0x000000e277200000)]
  0x0000023d229f09f0 JavaThread "C1 CompilerThread0" daemon [_thread_in_native, id=1256, stack(0x000000e277200000,0x000000e277300000)]
  0x0000023d2342e020 JavaThread "Sweeper thread" daemon [_thread_blocked, id=12532, stack(0x000000e277300000,0x000000e277400000)]
  0x0000023d2358fb50 JavaThread "Common-Cleaner" daemon [_thread_blocked, id=10928, stack(0x000000e277400000,0x000000e277500000)]
  0x0000023d23596040 JavaThread "Notification Thread" daemon [_thread_blocked, id=2148, stack(0x000000e277500000,0x000000e277600000)]
  0x0000023d23838cd0 JavaThread "Java2D Disposer" daemon [_thread_blocked, id=12076, stack(0x000000e277700000,0x000000e277800000)]
  0x0000023d237f8b80 JavaThread "AWT-Shutdown" [_thread_blocked, id=9180, stack(0x000000e277800000,0x000000e277900000)]
  0x0000023d237f9050 JavaThread "AWT-Windows" daemon [_thread_in_native, id=8632, stack(0x000000e277900000,0x000000e277a00000)]
  0x0000023d23920d70 JavaThread "RMI TCP Accept-6652" daemon [_thread_in_native, id=5080, stack(0x000000e277a00000,0x000000e277b00000)]
  0x0000023d2391d0b0 JavaThread "RMI TCP Accept-0" daemon [_thread_in_native, id=13612, stack(0x000000e277b00000,0x000000e277c00000)]
  0x0000023d2391d980 JavaThread "RMI Reaper" [_thread_blocked, id=13564, stack(0x000000e277c00000,0x000000e277d00000)]
  0x0000023d2397d450 JavaThread "RMI GC Daemon" daemon [_thread_blocked, id=14456, stack(0x000000e277d00000,0x000000e277e00000)]
  0x0000023d239afb30 JavaThread "RMI TCP Connection(1)-127.0.0.1" daemon [_thread_in_native, id=12292, stack(0x000000e277e00000,0x000000e277f00000)]
  0x0000023d239b0930 JavaThread "RMI Scheduler(0)" daemon [_thread_blocked, id=11612, stack(0x000000e277f00000,0x000000e278000000)]
  0x0000023d239b2ae0 JavaThread "RMI TCP Connection(2)-127.0.0.1" daemon [_thread_in_vm, id=900, stack(0x000000e278000000,0x000000e278100000)]
  0x0000023d239b2fb0 JavaThread "RMI RenewClean-[127.0.0.1:56867]" daemon [_thread_blocked, id=15332, stack(0x000000e278100000,0x000000e278200000)]
=>0x0000023d23c1a090 JavaThread "C2 CompilerThread1" daemon [_thread_in_native, id=15336, stack(0x000000e278300000,0x000000e278400000)]
  0x0000023d239b0e00 JavaThread "PostgreSQL-JDBC-Cleaner" daemon [_thread_blocked, id=6528, stack(0x000000e278400000,0x000000e278500000)]

Other Threads:
  0x0000023d229b4a40 VMThread "VM Thread" [stack: 0x000000e276a00000,0x000000e276b00000] [id=13448]
  0x0000023d099b5f50 WatcherThread [stack: 0x000000e277600000,0x000000e277700000] [id=5616]
  0x0000023d099a7b60 GCTaskThread "GC Thread#0" [stack: 0x000000e276500000,0x000000e276600000] [id=14016]
  0x0000023d099ae770 ConcurrentGCThread "G1 Main Marker" [stack: 0x000000e276600000,0x000000e276700000] [id=8252]
  0x0000023d099af090 ConcurrentGCThread "G1 Conc#0" [stack: 0x000000e276700000,0x000000e276800000] [id=6152]
  0x0000023d22810090 ConcurrentGCThread "G1 Refine#0" [stack: 0x000000e276800000,0x000000e276900000] [id=11636]
  0x0000023d228119d0 ConcurrentGCThread "G1 Service" [stack: 0x000000e276900000,0x000000e276a00000] [id=14652]

Threads with active compile tasks:
C2 CompilerThread0      888 1091       4       java.util.HashMap::putVal (300 bytes)
C1 CompilerThread0      888 1161   !   3       jdk.internal.loader.BuiltinClassLoader::findClassOnClassPathOrNull (64 bytes)
C2 CompilerThread1      888 1054 % !   4       com.sun.crypto.provider.PBKDF2KeyImpl::deriveKey @ 191 (295 bytes)

VM state: not at safepoint (normal execution)

VM Mutex/Monitor currently owned by a thread: None

Heap address: 0x00000000d1200000, size: 750 MB, Compressed Oops mode: 32-bit

CDS archive(s) not mapped
Compressed class space mapped at: 0x0000000100000000-0x0000000140000000, reserved size: 1073741824
Narrow klass base: 0x0000000000000000, Narrow klass shift: 3, Narrow klass range: 0x140000000

GC Precious Log:
 CPUs: 8 total, 8 available
 Memory: 7834M
 Large Page Support: Disabled
 NUMA Support: Disabled
 Compressed Oops: Enabled (32-bit)
 Heap Region Size: 1M
 Heap Min Capacity: 128M
 Heap Initial Capacity: 128M
 Heap Max Capacity: 750M
 Pre-touch: Disabled
 Parallel Workers: 8
 Concurrent Workers: 2
 Concurrent Refinement Workers: 8
 Periodic GC: Disabled

Heap:
 garbage-first heap   total 131072K, used 17408K [0x00000000d1200000, 0x0000000100000000)
  region size 1024K, 19 young (19456K), 0 survivors (0K)
 Metaspace       used 17783K, committed 18048K, reserved 1064960K
  class space    used 1835K, committed 1984K, reserved 1048576K

Heap Regions: E=young(eden), S=young(survivor), O=old, HS=humongous(starts), HC=humongous(continues), CS=collection set, F=free, OA=open archive, CA=closed archive, TAMS=top-at-mark-start (previous, next)
|   0|0x00000000d1200000, 0x00000000d1200000, 0x00000000d1300000|  0%| F|  |TAMS 0x00000000d1200000, 0x00000000d1200000| Untracked 
|   1|0x00000000d1300000, 0x00000000d1300000, 0x00000000d1400000|  0%| F|  |TAMS 0x00000000d1300000, 0x00000000d1300000| Untracked 
|   2|0x00000000d1400000, 0x00000000d1400000, 0x00000000d1500000|  0%| F|  |TAMS 0x00000000d1400000, 0x00000000d1400000| Untracked 
|   3|0x00000000d1500000, 0x00000000d1500000, 0x00000000d1600000|  0%| F|  |TAMS 0x00000000d1500000, 0x00000000d1500000| Untracked 
|   4|0x00000000d1600000, 0x00000000d1600000, 0x00000000d1700000|  0%| F|  |TAMS 0x00000000d1600000, 0x00000000d1600000| Untracked 
|   5|0x00000000d1700000, 0x00000000d1700000, 0x00000000d1800000|  0%| F|  |TAMS 0x00000000d1700000, 0x00000000d1700000| Untracked 
|   6|0x00000000d1800000, 0x00000000d1800000, 0x00000000d1900000|  0%| F|  |TAMS 0x00000000d1800000, 0x00000000d1800000| Untracked 
|   7|0x00000000d1900000, 0x00000000d1900000, 0x00000000d1a00000|  0%| F|  |TAMS 0x00000000d1900000, 0x00000000d1900000| Untracked 
|   8|0x00000000d1a00000, 0x00000000d1a00000, 0x00000000d1b00000|  0%| F|  |TAMS 0x00000000d1a00000, 0x00000000d1a00000| Untracked 
|   9|0x00000000d1b00000, 0x00000000d1b00000, 0x00000000d1c00000|  0%| F|  |TAMS 0x00000000d1b00000, 0x00000000d1b00000| Untracked 
|  10|0x00000000d1c00000, 0x00000000d1c00000, 0x00000000d1d00000|  0%| F|  |TAMS 0x00000000d1c00000, 0x00000000d1c00000| Untracked 
|  11|0x00000000d1d00000, 0x00000000d1d00000, 0x00000000d1e00000|  0%| F|  |TAMS 0x00000000d1d00000, 0x00000000d1d00000| Untracked 
|  12|0x00000000d1e00000, 0x00000000d1e00000, 0x00000000d1f00000|  0%| F|  |TAMS 0x00000000d1e00000, 0x00000000d1e00000| Untracked 
|  13|0x00000000d1f00000, 0x00000000d1f00000, 0x00000000d2000000|  0%| F|  |TAMS 0x00000000d1f00000, 0x00000000d1f00000| Untracked 
|  14|0x00000000d2000000, 0x00000000d2000000, 0x00000000d2100000|  0%| F|  |TAMS 0x00000000d2000000, 0x00000000d2000000| Untracked 
|  15|0x00000000d2100000, 0x00000000d2100000, 0x00000000d2200000|  0%| F|  |TAMS 0x00000000d2100000, 0x00000000d2100000| Untracked 
|  16|0x00000000d2200000, 0x00000000d2200000, 0x00000000d2300000|  0%| F|  |TAMS 0x00000000d2200000, 0x00000000d2200000| Untracked 
|  17|0x00000000d2300000, 0x00000000d2300000, 0x00000000d2400000|  0%| F|  |TAMS 0x00000000d2300000, 0x00000000d2300000| Untracked 
|  18|0x00000000d2400000, 0x00000000d2400000, 0x00000000d2500000|  0%| F|  |TAMS 0x00000000d2400000, 0x00000000d2400000| Untracked 
|  19|0x00000000d2500000, 0x00000000d2500000, 0x00000000d2600000|  0%| F|  |TAMS 0x00000000d2500000, 0x00000000d2500000| Untracked 
|  20|0x00000000d2600000, 0x00000000d2600000, 0x00000000d2700000|  0%| F|  |TAMS 0x00000000d2600000, 0x00000000d2600000| Untracked 
|  21|0x00000000d2700000, 0x00000000d2700000, 0x00000000d2800000|  0%| F|  |TAMS 0x00000000d2700000, 0x00000000d2700000| Untracked 
|  22|0x00000000d2800000, 0x00000000d2800000, 0x00000000d2900000|  0%| F|  |TAMS 0x00000000d2800000, 0x00000000d2800000| Untracked 
|  23|0x00000000d2900000, 0x00000000d2900000, 0x00000000d2a00000|  0%| F|  |TAMS 0x00000000d2900000, 0x00000000d2900000| Untracked 
|  24|0x00000000d2a00000, 0x00000000d2a00000, 0x00000000d2b00000|  0%| F|  |TAMS 0x00000000d2a00000, 0x00000000d2a00000| Untracked 
|  25|0x00000000d2b00000, 0x00000000d2b00000, 0x00000000d2c00000|  0%| F|  |TAMS 0x00000000d2b00000, 0x00000000d2b00000| Untracked 
|  26|0x00000000d2c00000, 0x00000000d2c00000, 0x00000000d2d00000|  0%| F|  |TAMS 0x00000000d2c00000, 0x00000000d2c00000| Untracked 
|  27|0x00000000d2d00000, 0x00000000d2d00000, 0x00000000d2e00000|  0%| F|  |TAMS 0x00000000d2d00000, 0x00000000d2d00000| Untracked 
|  28|0x00000000d2e00000, 0x00000000d2e00000, 0x00000000d2f00000|  0%| F|  |TAMS 0x00000000d2e00000, 0x00000000d2e00000| Untracked 
|  29|0x00000000d2f00000, 0x00000000d2f00000, 0x00000000d3000000|  0%| F|  |TAMS 0x00000000d2f00000, 0x00000000d2f00000| Untracked 
|  30|0x00000000d3000000, 0x00000000d3000000, 0x00000000d3100000|  0%| F|  |TAMS 0x00000000d3000000, 0x00000000d3000000| Untracked 
|  31|0x00000000d3100000, 0x00000000d3100000, 0x00000000d3200000|  0%| F|  |TAMS 0x00000000d3100000, 0x00000000d3100000| Untracked 
|  32|0x00000000d3200000, 0x00000000d3200000, 0x00000000d3300000|  0%| F|  |TAMS 0x00000000d3200000, 0x00000000d3200000| Untracked 
|  33|0x00000000d3300000, 0x00000000d3300000, 0x00000000d3400000|  0%| F|  |TAMS 0x00000000d3300000, 0x00000000d3300000| Untracked 
|  34|0x00000000d3400000, 0x00000000d3400000, 0x00000000d3500000|  0%| F|  |TAMS 0x00000000d3400000, 0x00000000d3400000| Untracked 
|  35|0x00000000d3500000, 0x00000000d3500000, 0x00000000d3600000|  0%| F|  |TAMS 0x00000000d3500000, 0x00000000d3500000| Untracked 
|  36|0x00000000d3600000, 0x00000000d3600000, 0x00000000d3700000|  0%| F|  |TAMS 0x00000000d3600000, 0x00000000d3600000| Untracked 
|  37|0x00000000d3700000, 0x00000000d3700000, 0x00000000d3800000|  0%| F|  |TAMS 0x00000000d3700000, 0x00000000d3700000| Untracked 
|  38|0x00000000d3800000, 0x00000000d3800000, 0x00000000d3900000|  0%| F|  |TAMS 0x00000000d3800000, 0x00000000d3800000| Untracked 
|  39|0x00000000d3900000, 0x00000000d3900000, 0x00000000d3a00000|  0%| F|  |TAMS 0x00000000d3900000, 0x00000000d3900000| Untracked 
|  40|0x00000000d3a00000, 0x00000000d3a00000, 0x00000000d3b00000|  0%| F|  |TAMS 0x00000000d3a00000, 0x00000000d3a00000| Untracked 
|  41|0x00000000d3b00000, 0x00000000d3b00000, 0x00000000d3c00000|  0%| F|  |TAMS 0x00000000d3b00000, 0x00000000d3b00000| Untracked 
|  42|0x00000000d3c00000, 0x00000000d3c00000, 0x00000000d3d00000|  0%| F|  |TAMS 0x00000000d3c00000, 0x00000000d3c00000| Untracked 
|  43|0x00000000d3d00000, 0x00000000d3d00000, 0x00000000d3e00000|  0%| F|  |TAMS 0x00000000d3d00000, 0x00000000d3d00000| Untracked 
|  44|0x00000000d3e00000, 0x00000000d3e00000, 0x00000000d3f00000|  0%| F|  |TAMS 0x00000000d3e00000, 0x00000000d3e00000| Untracked 
|  45|0x00000000d3f00000, 0x00000000d3f00000, 0x00000000d4000000|  0%| F|  |TAMS 0x00000000d3f00000, 0x00000000d3f00000| Untracked 
|  46|0x00000000d4000000, 0x00000000d4000000, 0x00000000d4100000|  0%| F|  |TAMS 0x00000000d4000000, 0x00000000d4000000| Untracked 
|  47|0x00000000d4100000, 0x00000000d4100000, 0x00000000d4200000|  0%| F|  |TAMS 0x00000000d4100000, 0x00000000d4100000| Untracked 
|  48|0x00000000d4200000, 0x00000000d4200000, 0x00000000d4300000|  0%| F|  |TAMS 0x00000000d4200000, 0x00000000d4200000| Untracked 
|  49|0x00000000d4300000, 0x00000000d4300000, 0x00000000d4400000|  0%| F|  |TAMS 0x00000000d4300000, 0x00000000d4300000| Untracked 
|  50|0x00000000d4400000, 0x00000000d4400000, 0x00000000d4500000|  0%| F|  |TAMS 0x00000000d4400000, 0x00000000d4400000| Untracked 
|  51|0x00000000d4500000, 0x00000000d4500000, 0x00000000d4600000|  0%| F|  |TAMS 0x00000000d4500000, 0x00000000d4500000| Untracked 
|  52|0x00000000d4600000, 0x00000000d4600000, 0x00000000d4700000|  0%| F|  |TAMS 0x00000000d4600000, 0x00000000d4600000| Untracked 
|  53|0x00000000d4700000, 0x00000000d4700000, 0x00000000d4800000|  0%| F|  |TAMS 0x00000000d4700000, 0x00000000d4700000| Untracked 
|  54|0x00000000d4800000, 0x00000000d4800000, 0x00000000d4900000|  0%| F|  |TAMS 0x00000000d4800000, 0x00000000d4800000| Untracked 
|  55|0x00000000d4900000, 0x00000000d4900000, 0x00000000d4a00000|  0%| F|  |TAMS 0x00000000d4900000, 0x00000000d4900000| Untracked 
|  56|0x00000000d4a00000, 0x00000000d4a00000, 0x00000000d4b00000|  0%| F|  |TAMS 0x00000000d4a00000, 0x00000000d4a00000| Untracked 
|  57|0x00000000d4b00000, 0x00000000d4b00000, 0x00000000d4c00000|  0%| F|  |TAMS 0x00000000d4b00000, 0x00000000d4b00000| Untracked 
|  58|0x00000000d4c00000, 0x00000000d4c00000, 0x00000000d4d00000|  0%| F|  |TAMS 0x00000000d4c00000, 0x00000000d4c00000| Untracked 
|  59|0x00000000d4d00000, 0x00000000d4d00000, 0x00000000d4e00000|  0%| F|  |TAMS 0x00000000d4d00000, 0x00000000d4d00000| Untracked 
|  60|0x00000000d4e00000, 0x00000000d4e00000, 0x00000000d4f00000|  0%| F|  |TAMS 0x00000000d4e00000, 0x00000000d4e00000| Untracked 
|  61|0x00000000d4f00000, 0x00000000d4f00000, 0x00000000d5000000|  0%| F|  |TAMS 0x00000000d4f00000, 0x00000000d4f00000| Untracked 
|  62|0x00000000d5000000, 0x00000000d5000000, 0x00000000d5100000|  0%| F|  |TAMS 0x00000000d5000000, 0x00000000d5000000| Untracked 
|  63|0x00000000d5100000, 0x00000000d5100000, 0x00000000d5200000|  0%| F|  |TAMS 0x00000000d5100000, 0x00000000d5100000| Untracked 
|  64|0x00000000d5200000, 0x00000000d5200000, 0x00000000d5300000|  0%| F|  |TAMS 0x00000000d5200000, 0x00000000d5200000| Untracked 
|  65|0x00000000d5300000, 0x00000000d5300000, 0x00000000d5400000|  0%| F|  |TAMS 0x00000000d5300000, 0x00000000d5300000| Untracked 
|  66|0x00000000d5400000, 0x00000000d5400000, 0x00000000d5500000|  0%| F|  |TAMS 0x00000000d5400000, 0x00000000d5400000| Untracked 
|  67|0x00000000d5500000, 0x00000000d5500000, 0x00000000d5600000|  0%| F|  |TAMS 0x00000000d5500000, 0x00000000d5500000| Untracked 
|  68|0x00000000d5600000, 0x00000000d5600000, 0x00000000d5700000|  0%| F|  |TAMS 0x00000000d5600000, 0x00000000d5600000| Untracked 
|  69|0x00000000d5700000, 0x00000000d5700000, 0x00000000d5800000|  0%| F|  |TAMS 0x00000000d5700000, 0x00000000d5700000| Untracked 
|  70|0x00000000d5800000, 0x00000000d5800000, 0x00000000d5900000|  0%| F|  |TAMS 0x00000000d5800000, 0x00000000d5800000| Untracked 
|  71|0x00000000d5900000, 0x00000000d5900000, 0x00000000d5a00000|  0%| F|  |TAMS 0x00000000d5900000, 0x00000000d5900000| Untracked 
|  72|0x00000000d5a00000, 0x00000000d5a00000, 0x00000000d5b00000|  0%| F|  |TAMS 0x00000000d5a00000, 0x00000000d5a00000| Untracked 
|  73|0x00000000d5b00000, 0x00000000d5b00000, 0x00000000d5c00000|  0%| F|  |TAMS 0x00000000d5b00000, 0x00000000d5b00000| Untracked 
|  74|0x00000000d5c00000, 0x00000000d5c00000, 0x00000000d5d00000|  0%| F|  |TAMS 0x00000000d5c00000, 0x00000000d5c00000| Untracked 
|  75|0x00000000d5d00000, 0x00000000d5d00000, 0x00000000d5e00000|  0%| F|  |TAMS 0x00000000d5d00000, 0x00000000d5d00000| Untracked 
|  76|0x00000000d5e00000, 0x00000000d5e00000, 0x00000000d5f00000|  0%| F|  |TAMS 0x00000000d5e00000, 0x00000000d5e00000| Untracked 
|  77|0x00000000d5f00000, 0x00000000d5f00000, 0x00000000d6000000|  0%| F|  |TAMS 0x00000000d5f00000, 0x00000000d5f00000| Untracked 
|  78|0x00000000d6000000, 0x00000000d6000000, 0x00000000d6100000|  0%| F|  |TAMS 0x00000000d6000000, 0x00000000d6000000| Untracked 
|  79|0x00000000d6100000, 0x00000000d6100000, 0x00000000d6200000|  0%| F|  |TAMS 0x00000000d6100000, 0x00000000d6100000| Untracked 
|  80|0x00000000d6200000, 0x00000000d6200000, 0x00000000d6300000|  0%| F|  |TAMS 0x00000000d6200000, 0x00000000d6200000| Untracked 
|  81|0x00000000d6300000, 0x00000000d6300000, 0x00000000d6400000|  0%| F|  |TAMS 0x00000000d6300000, 0x00000000d6300000| Untracked 
|  82|0x00000000d6400000, 0x00000000d6400000, 0x00000000d6500000|  0%| F|  |TAMS 0x00000000d6400000, 0x00000000d6400000| Untracked 
|  83|0x00000000d6500000, 0x00000000d6500000, 0x00000000d6600000|  0%| F|  |TAMS 0x00000000d6500000, 0x00000000d6500000| Untracked 
|  84|0x00000000d6600000, 0x00000000d6600000, 0x00000000d6700000|  0%| F|  |TAMS 0x00000000d6600000, 0x00000000d6600000| Untracked 
|  85|0x00000000d6700000, 0x00000000d6700000, 0x00000000d6800000|  0%| F|  |TAMS 0x00000000d6700000, 0x00000000d6700000| Untracked 
|  86|0x00000000d6800000, 0x00000000d6800000, 0x00000000d6900000|  0%| F|  |TAMS 0x00000000d6800000, 0x00000000d6800000| Untracked 
|  87|0x00000000d6900000, 0x00000000d6900000, 0x00000000d6a00000|  0%| F|  |TAMS 0x00000000d6900000, 0x00000000d6900000| Untracked 
|  88|0x00000000d6a00000, 0x00000000d6a00000, 0x00000000d6b00000|  0%| F|  |TAMS 0x00000000d6a00000, 0x00000000d6a00000| Untracked 
|  89|0x00000000d6b00000, 0x00000000d6b00000, 0x00000000d6c00000|  0%| F|  |TAMS 0x00000000d6b00000, 0x00000000d6b00000| Untracked 
|  90|0x00000000d6c00000, 0x00000000d6c00000, 0x00000000d6d00000|  0%| F|  |TAMS 0x00000000d6c00000, 0x00000000d6c00000| Untracked 
|  91|0x00000000d6d00000, 0x00000000d6d00000, 0x00000000d6e00000|  0%| F|  |TAMS 0x00000000d6d00000, 0x00000000d6d00000| Untracked 
|  92|0x00000000d6e00000, 0x00000000d6e00000, 0x00000000d6f00000|  0%| F|  |TAMS 0x00000000d6e00000, 0x00000000d6e00000| Untracked 
|  93|0x00000000d6f00000, 0x00000000d6f00000, 0x00000000d7000000|  0%| F|  |TAMS 0x00000000d6f00000, 0x00000000d6f00000| Untracked 
|  94|0x00000000d7000000, 0x00000000d7000000, 0x00000000d7100000|  0%| F|  |TAMS 0x00000000d7000000, 0x00000000d7000000| Untracked 
|  95|0x00000000d7100000, 0x00000000d7100000, 0x00000000d7200000|  0%| F|  |TAMS 0x00000000d7100000, 0x00000000d7100000| Untracked 
|  96|0x00000000d7200000, 0x00000000d7200000, 0x00000000d7300000|  0%| F|  |TAMS 0x00000000d7200000, 0x00000000d7200000| Untracked 
|  97|0x00000000d7300000, 0x00000000d7300000, 0x00000000d7400000|  0%| F|  |TAMS 0x00000000d7300000, 0x00000000d7300000| Untracked 
|  98|0x00000000d7400000, 0x00000000d7400000, 0x00000000d7500000|  0%| F|  |TAMS 0x00000000d7400000, 0x00000000d7400000| Untracked 
|  99|0x00000000d7500000, 0x00000000d7500000, 0x00000000d7600000|  0%| F|  |TAMS 0x00000000d7500000, 0x00000000d7500000| Untracked 
| 100|0x00000000d7600000, 0x00000000d7600000, 0x00000000d7700000|  0%| F|  |TAMS 0x00000000d7600000, 0x00000000d7600000| Untracked 
| 101|0x00000000d7700000, 0x00000000d7700000, 0x00000000d7800000|  0%| F|  |TAMS 0x00000000d7700000, 0x00000000d7700000| Untracked 
| 102|0x00000000d7800000, 0x00000000d7800000, 0x00000000d7900000|  0%| F|  |TAMS 0x00000000d7800000, 0x00000000d7800000| Untracked 
| 103|0x00000000d7900000, 0x00000000d7900000, 0x00000000d7a00000|  0%| F|  |TAMS 0x00000000d7900000, 0x00000000d7900000| Untracked 
| 104|0x00000000d7a00000, 0x00000000d7a00000, 0x00000000d7b00000|  0%| F|  |TAMS 0x00000000d7a00000, 0x00000000d7a00000| Untracked 
| 105|0x00000000d7b00000, 0x00000000d7b00000, 0x00000000d7c00000|  0%| F|  |TAMS 0x00000000d7b00000, 0x00000000d7b00000| Untracked 
| 106|0x00000000d7c00000, 0x00000000d7c00000, 0x00000000d7d00000|  0%| F|  |TAMS 0x00000000d7c00000, 0x00000000d7c00000| Untracked 
| 107|0x00000000d7d00000, 0x00000000d7d00000, 0x00000000d7e00000|  0%| F|  |TAMS 0x00000000d7d00000, 0x00000000d7d00000| Untracked 
| 108|0x00000000d7e00000, 0x00000000d7e00000, 0x00000000d7f00000|  0%| F|  |TAMS 0x00000000d7e00000, 0x00000000d7e00000| Untracked 
| 109|0x00000000d7f00000, 0x00000000d7fef488, 0x00000000d8000000| 93%| E|  |TAMS 0x00000000d7f00000, 0x00000000d7f00000| Complete 
| 110|0x00000000d8000000, 0x00000000d8100000, 0x00000000d8100000|100%| E|CS|TAMS 0x00000000d8000000, 0x00000000d8000000| Complete 
| 111|0x00000000d8100000, 0x00000000d8200000, 0x00000000d8200000|100%| E|CS|TAMS 0x00000000d8100000, 0x00000000d8100000| Complete 
| 112|0x00000000d8200000, 0x00000000d8300000, 0x00000000d8300000|100%| E|CS|TAMS 0x00000000d8200000, 0x00000000d8200000| Complete 
| 113|0x00000000d8300000, 0x00000000d8400000, 0x00000000d8400000|100%| E|CS|TAMS 0x00000000d8300000, 0x00000000d8300000| Complete 
| 114|0x00000000d8400000, 0x00000000d8500000, 0x00000000d8500000|100%| E|CS|TAMS 0x00000000d8400000, 0x00000000d8400000| Complete 
| 115|0x00000000d8500000, 0x00000000d8600000, 0x00000000d8600000|100%| E|CS|TAMS 0x00000000d8500000, 0x00000000d8500000| Complete 
| 116|0x00000000d8600000, 0x00000000d8700000, 0x00000000d8700000|100%| E|CS|TAMS 0x00000000d8600000, 0x00000000d8600000| Complete 
| 117|0x00000000d8700000, 0x00000000d8800000, 0x00000000d8800000|100%| E|CS|TAMS 0x00000000d8700000, 0x00000000d8700000| Complete 
| 118|0x00000000d8800000, 0x00000000d8900000, 0x00000000d8900000|100%| E|CS|TAMS 0x00000000d8800000, 0x00000000d8800000| Complete 
| 119|0x00000000d8900000, 0x00000000d8a00000, 0x00000000d8a00000|100%| E|CS|TAMS 0x00000000d8900000, 0x00000000d8900000| Complete 
| 120|0x00000000d8a00000, 0x00000000d8b00000, 0x00000000d8b00000|100%| E|CS|TAMS 0x00000000d8a00000, 0x00000000d8a00000| Complete 
| 121|0x00000000d8b00000, 0x00000000d8c00000, 0x00000000d8c00000|100%| E|CS|TAMS 0x00000000d8b00000, 0x00000000d8b00000| Complete 
| 122|0x00000000d8c00000, 0x00000000d8d00000, 0x00000000d8d00000|100%| E|CS|TAMS 0x00000000d8c00000, 0x00000000d8c00000| Complete 
| 123|0x00000000d8d00000, 0x00000000d8e00000, 0x00000000d8e00000|100%| E|CS|TAMS 0x00000000d8d00000, 0x00000000d8d00000| Complete 
| 124|0x00000000d8e00000, 0x00000000d8f00000, 0x00000000d8f00000|100%| E|CS|TAMS 0x00000000d8e00000, 0x00000000d8e00000| Complete 
| 125|0x00000000d8f00000, 0x00000000d9000000, 0x00000000d9000000|100%| E|CS|TAMS 0x00000000d8f00000, 0x00000000d8f00000| Complete 
| 126|0x00000000d9000000, 0x00000000d9100000, 0x00000000d9100000|100%| E|  |TAMS 0x00000000d9000000, 0x00000000d9000000| Complete 
| 127|0x00000000d9100000, 0x00000000d9200000, 0x00000000d9200000|100%| E|CS|TAMS 0x00000000d9100000, 0x00000000d9100000| Complete 

Card table byte_map: [0x0000023d1e4b0000,0x0000023d1e630000] _byte_map_base: 0x0000023d1de27000

Marking Bits (Prev, Next): (CMBitMap*) 0x0000023d099a8080, (CMBitMap*) 0x0000023d099a80c0
 Prev Bits: [0x0000023d1e7b0000, 0x0000023d1f368000)
 Next Bits: [0x0000023d1f370000, 0x0000023d1ff28000)

Polling page: 0x0000023d09820000

Metaspace:

Usage:
  Non-class:     15.67 MB used.
      Class:      1.80 MB used.
       Both:     17.48 MB used.

Virtual space:
  Non-class space:       16.00 MB reserved,      15.75 MB ( 98%) committed,  2 nodes.
      Class space:        1.00 GB reserved,       1.94 MB ( <1%) committed,  1 nodes.
             Both:        1.02 GB reserved,      17.69 MB (  2%) committed. 

Chunk freelists:
   Non-Class:  256.00 KB
       Class:  2.05 MB
        Both:  2.30 MB

MaxMetaspaceSize: unlimited
CompressedClassSpaceSize: 1.00 GB
Initial GC threshold: 21.00 MB
Current GC threshold: 21.00 MB
CDS: off
MetaspaceReclaimPolicy: balanced
 - commit_granule_bytes: 65536.
 - commit_granule_words: 8192.
 - virtual_space_node_default_size: 1048576.
 - enlarge_chunks_in_place: 1.
 - new_chunks_are_fully_committed: 0.
 - uncommit_free_chunks: 1.
 - use_allocation_guard: 0.
 - handle_deallocations: 1.


Internal statistics:

num_allocs_failed_limit: 0.
num_arena_births: 204.
num_arena_deaths: 0.
num_vsnodes_births: 3.
num_vsnodes_deaths: 0.
num_space_committed: 283.
num_space_uncommitted: 0.
num_chunks_returned_to_freelist: 0.
num_chunks_taken_from_freelist: 415.
num_chunk_merges: 0.
num_chunk_splits: 241.
num_chunks_enlarged: 124.
num_purges: 0.
num_inconsistent_stats: 0.

CodeHeap 'non-profiled nmethods': size=120000Kb used=378Kb max_used=378Kb free=119621Kb
 bounds [0x0000023d16390000, 0x0000023d16600000, 0x0000023d1d8c0000]
CodeHeap 'profiled nmethods': size=120000Kb used=1997Kb max_used=1997Kb free=118002Kb
 bounds [0x0000023d0ee60000, 0x0000023d0f0d0000, 0x0000023d16390000]
CodeHeap 'non-nmethods': size=5760Kb used=1230Kb max_used=1248Kb free=4530Kb
 bounds [0x0000023d0e8c0000, 0x0000023d0eb30000, 0x0000023d0ee60000]
 total_blobs=1688 nmethods=1157 adapters=444
 compilation: enabled
              stopped_count=0, restarted_count=0
 full_count=0

Compilation events (20 events):
Event: 0.868 Thread 0x0000023d229f09f0 nmethod 1102 0x0000023d163ea290 code [0x0000023d163ea420, 0x0000023d163ea4f8]
Event: 0.868 Thread 0x0000023d229f09f0 1104       3       sun.util.locale.LocaleUtils::isLower (18 bytes)
Event: 0.868 Thread 0x0000023d229f09f0 nmethod 1104 0x0000023d0f02c190 code [0x0000023d0f02c320, 0x0000023d0f02c498]
Event: 0.868 Thread 0x0000023d229f09f0 1106       3       sun.util.locale.ParseStatus::isError (13 bytes)
Event: 0.868 Thread 0x0000023d229f09f0 nmethod 1106 0x0000023d0f02c510 code [0x0000023d0f02c6a0, 0x0000023d0f02c818]
Event: 0.868 Thread 0x0000023d229f09f0 1105       3       java.util.HashMap$KeyIterator::next (8 bytes)
Event: 0.868 Thread 0x0000023d229f09f0 nmethod 1105 0x0000023d0f02c890 code [0x0000023d0f02ca40, 0x0000023d0f02cb88]
Event: 0.868 Thread 0x0000023d229f09f0 1107       3       sun.util.locale.BaseLocale::hashCode (67 bytes)
Event: 0.869 Thread 0x0000023d229f09f0 nmethod 1107 0x0000023d0f02cc90 code [0x0000023d0f02ce60, 0x0000023d0f02d138]
Event: 0.869 Thread 0x0000023d229f09f0 1103       1       sun.util.locale.BaseLocale$Key::hashCode (5 bytes)
Event: 0.869 Thread 0x0000023d229f09f0 nmethod 1103 0x0000023d163ea590 code [0x0000023d163ea720, 0x0000023d163ea7f8]
Event: 0.869 Thread 0x0000023d229f09f0 1108       3       sun.util.locale.LocaleObjectCache::get (126 bytes)
Event: 0.869 Thread 0x0000023d229f09f0 nmethod 1108 0x0000023d0f02d290 code [0x0000023d0f02d560, 0x0000023d0f02e868]
Event: 0.869 Thread 0x0000023d229f09f0 1113       3       sun.util.locale.LocaleUtils::isAlphaString (33 bytes)
Event: 0.870 Thread 0x0000023d229f09f0 nmethod 1113 0x0000023d0f02ed90 code [0x0000023d0f02efc0, 0x0000023d0f02f918]
Event: 0.870 Thread 0x0000023d229f09f0 1116       3       sun.util.locale.StringTokenIterator::nextDelimiter (116 bytes)
Event: 0.870 Thread 0x0000023d229f09f0 nmethod 1116 0x0000023d0f02fd10 code [0x0000023d0f030040, 0x0000023d0f031558]
Event: 0.870 Thread 0x0000023d229f09f0 1121       3       sun.util.locale.BaseLocale$Key::hashCode (178 bytes)
Event: 0.872 Thread 0x0000023d229ec0d0 nmethod 1090 0x0000023d163ea890 code [0x0000023d163eaa20, 0x0000023d163eae88]
Event: 0.872 Thread 0x0000023d229ec0d0 1115   !   4       java.util.concurrent.ConcurrentHashMap::putVal (432 bytes)

GC Heap History (0 events):
No events

Dll operation events (2 events):
Event: 0.006 Loaded shared library D:\Java Ultimate\IntelliJ IDEA 2022.2.3\jbr\bin\java.dll
Event: 0.661 Loaded shared library D:\Java Ultimate\IntelliJ IDEA 2022.2.3\jbr\bin\verify.dll

Deoptimization events (20 events):
Event: 0.831 Thread 0x0000023d239b2ae0 DEOPT PACKING pc=0x0000023d0efd66ee sp=0x000000e2780fd4e0
Event: 0.831 Thread 0x0000023d239b2ae0 DEOPT UNPACKING pc=0x0000023d0e9166e3 sp=0x000000e2780fc938 mode 0
Event: 0.831 Thread 0x0000023d239b2ae0 DEOPT PACKING pc=0x0000023d0efd66ee sp=0x000000e2780fd3b0
Event: 0.831 Thread 0x0000023d239b2ae0 DEOPT UNPACKING pc=0x0000023d0e9166e3 sp=0x000000e2780fc808 mode 0
Event: 0.831 Thread 0x0000023d239b2ae0 DEOPT PACKING pc=0x0000023d0efd66ee sp=0x000000e2780fd5f0
Event: 0.831 Thread 0x0000023d239b2ae0 DEOPT UNPACKING pc=0x0000023d0e9166e3 sp=0x000000e2780fca48 mode 0
Event: 0.832 Thread 0x0000023d239b2ae0 DEOPT PACKING pc=0x0000023d0efd66ee sp=0x000000e2780fd3d0
Event: 0.832 Thread 0x0000023d239b2ae0 DEOPT UNPACKING pc=0x0000023d0e9166e3 sp=0x000000e2780fc828 mode 0
Event: 0.832 Thread 0x0000023d239b2ae0 DEOPT PACKING pc=0x0000023d0efd66ee sp=0x000000e2780fd4e0
Event: 0.832 Thread 0x0000023d239b2ae0 DEOPT UNPACKING pc=0x0000023d0e9166e3 sp=0x000000e2780fc938 mode 0
Event: 0.832 Thread 0x0000023d239b2ae0 DEOPT PACKING pc=0x0000023d0efd66ee sp=0x000000e2780fd3b0
Event: 0.832 Thread 0x0000023d239b2ae0 DEOPT UNPACKING pc=0x0000023d0e9166e3 sp=0x000000e2780fc808 mode 0
Event: 0.832 Thread 0x0000023d239b2ae0 DEOPT PACKING pc=0x0000023d0efd66ee sp=0x000000e2780fd5f0
Event: 0.832 Thread 0x0000023d239b2ae0 DEOPT UNPACKING pc=0x0000023d0e9166e3 sp=0x000000e2780fca48 mode 0
Event: 0.832 Thread 0x0000023d239b2ae0 DEOPT PACKING pc=0x0000023d0efd66ee sp=0x000000e2780fd3d0
Event: 0.832 Thread 0x0000023d239b2ae0 DEOPT UNPACKING pc=0x0000023d0e9166e3 sp=0x000000e2780fc828 mode 0
Event: 0.853 Thread 0x0000023d239b2ae0 Uncommon trap: trap_request=0xffffff45 fr.pc=0x0000023d163e0b98 relative=0x00000000000007b8
Event: 0.853 Thread 0x0000023d239b2ae0 Uncommon trap: reason=unstable_if action=reinterpret pc=0x0000023d163e0b98 method=java.lang.Integer.parseInt(Ljava/lang/String;I)I @ 119 c2
Event: 0.853 Thread 0x0000023d239b2ae0 DEOPT PACKING pc=0x0000023d163e0b98 sp=0x000000e2780fdf20
Event: 0.853 Thread 0x0000023d239b2ae0 DEOPT UNPACKING pc=0x0000023d0e915ba3 sp=0x000000e2780fde98 mode 2

Classes unloaded (0 events):
No events

Classes redefined (0 events):
No events

Internal exceptions (20 events):
Event: 0.419 Thread 0x0000023d09973160 Exception <a 'java/io/FileNotFoundException'{0x00000000d8d04088}> (0x00000000d8d04088) 
thrown [s\src\hotspot\share\prims\jni.cpp, line 517]
Event: 0.446 Thread 0x0000023d09973160 Exception <a 'java/lang/NoSuchMethodError'{0x00000000d8d3ec60}: 'java.lang.Object java.lang.invoke.DirectMethodHandle$Holder.invokeStaticInit(java.lang.Object)'> (0x00000000d8d3ec60) 
thrown [s\src\hotspot\share\interpreter\linkResolver.cpp, line 771]
Event: 0.516 Thread 0x0000023d09973160 Exception <a 'java/lang/NoSuchMethodError'{0x00000000d8c5eec8}: 'java.lang.Object java.lang.invoke.DirectMethodHandle$Holder.invokeStaticInit(java.lang.Object, int, int, int, int)'> (0x00000000d8c5eec8) 
thrown [s\src\hotspot\share\interpreter\linkResolver.cpp, line 771]
Event: 0.548 Thread 0x0000023d09973160 Exception <a 'java/lang/NoSuchMethodError'{0x00000000d8cca160}: 'java.lang.Object java.lang.invoke.DirectMethodHandle$Holder.invokeStaticInit(java.lang.Object, java.lang.Object, int, int, int, int)'> (0x00000000d8cca160) 
thrown [s\src\hotspot\share\interpreter\linkResolver.cpp, line 771]
Event: 0.565 Thread 0x0000023d09973160 Exception <a 'java/lang/NoSuchMethodError'{0x00000000d8b05250}: 'void java.lang.invoke.DirectMethodHandle$Holder.invokeStatic(java.lang.Object, java.lang.Object)'> (0x00000000d8b05250) 
thrown [s\src\hotspot\share\interpreter\linkResolver.cpp, line 771]
Event: 0.590 Thread 0x0000023d09973160 Exception <a 'java/lang/NoSuchMethodError'{0x00000000d8a5cba0}: 'java.lang.Object java.lang.invoke.Invokers$Holder.linkToTargetMethod(java.lang.Object, long, java.lang.Object)'> (0x00000000d8a5cba0) 
thrown [s\src\hotspot\share\interpreter\linkResolver.cpp, line 771]
Event: 0.624 Thread 0x0000023d239b2ae0 Exception <a 'java/lang/NoSuchMethodError'{0x00000000d8925fb8}: static [B.<clinit>()V> (0x00000000d8925fb8) 
thrown [s\src\hotspot\share\prims\jni.cpp, line 1108]
Event: 0.635 Thread 0x0000023d239b2ae0 Exception <a 'java/lang/NoSuchMethodError'{0x00000000d8957550}: static [Ljava/rmi/server/ObjID;.<clinit>()V> (0x00000000d8957550) 
thrown [s\src\hotspot\share\prims\jni.cpp, line 1108]
Event: 0.636 Thread 0x0000023d239b2fb0 Exception <a 'java/lang/InterruptedException'{0x00000000d89ec138}> (0x00000000d89ec138) 
thrown [s\src\hotspot\share\runtime\objectMonitor.cpp, line 1648]
Event: 0.637 Thread 0x0000023d239b2fb0 Exception <a 'java/lang/NoSuchMethodError'{0x00000000d89f48d8}: 'java.lang.Object java.lang.invoke.DirectMethodHandle$Holder.newInvokeSpecial(java.lang.Object, java.lang.Object, int, java.lang.Object, long)'> (0x00000000d89f48d8) 
thrown [s\src\hotspot\share\interpreter\linkResolver.cpp, line 771]
Event: 0.680 Thread 0x0000023d239b2ae0 Exception <a 'java/lang/NoSuchMethodError'{0x00000000d87b5d68}: 'java.lang.Object java.lang.invoke.DirectMethodHandle$Holder.invokeVirtual(java.lang.Object, java.lang.Object, java.lang.Object, java.lang.Object)'> (0x00000000d87b5d68) 
thrown [s\src\hotspot\share\interpreter\linkResolver.cpp, line 771]
Event: 0.681 Thread 0x0000023d239b2ae0 Exception <a 'java/lang/NoSuchMethodError'{0x00000000d87be580}: 'void java.lang.invoke.DirectMethodHandle$Holder.invokeStatic(java.lang.Object, java.lang.Object, java.lang.Object, java.lang.Object)'> (0x00000000d87be580) 
thrown [s\src\hotspot\share\interpreter\linkResolver.cpp, line 771]
Event: 0.688 Thread 0x0000023d239b2ae0 Exception <a 'java/lang/NoSuchMethodError'{0x00000000d8630fa0}: 'int java.lang.invoke.DirectMethodHandle$Holder.invokeStaticInit(java.lang.Object, java.lang.Object, java.lang.Object, java.lang.Object)'> (0x00000000d8630fa0) 
thrown [s\src\hotspot\share\interpreter\linkResolver.cpp, line 771]
Event: 0.689 Thread 0x0000023d239b2ae0 Exception <a 'java/lang/NoSuchMethodError'{0x00000000d863a6c8}: 'java.lang.Object java.lang.invoke.DirectMethodHandle$Holder.invokeInterface(java.lang.Object, java.lang.Object)'> (0x00000000d863a6c8) 
thrown [s\src\hotspot\share\interpreter\linkResolver.cpp, line 771]
Event: 0.689 Thread 0x0000023d239b2ae0 Exception <a 'java/lang/IncompatibleClassChangeError'{0x00000000d863df60}: Found class java.lang.Object, but interface was expected> (0x00000000d863df60) 
thrown [s\src\hotspot\share\interpreter\linkResolver.cpp, line 838]
Event: 0.689 Thread 0x0000023d239b2ae0 Exception <a 'java/lang/NoSuchMethodError'{0x00000000d8640e58}: 'void java.lang.invoke.DirectMethodHandle$Holder.invokeStaticInit(java.lang.Object, java.lang.Object)'> (0x00000000d8640e58) 
thrown [s\src\hotspot\share\interpreter\linkResolver.cpp, line 771]
Event: 0.690 Thread 0x0000023d239b2ae0 Exception <a 'java/lang/NoSuchMethodError'{0x00000000d8646f28}: 'int java.lang.invoke.DirectMethodHandle$Holder.invokeStaticInit(java.lang.Object, java.lang.Object)'> (0x00000000d8646f28) 
thrown [s\src\hotspot\share\interpreter\linkResolver.cpp, line 771]
Event: 0.721 Thread 0x0000023d239b2ae0 Exception <a 'java/lang/NoSuchMethodError'{0x00000000d851c388}: 'int java.lang.invoke.DirectMethodHandle$Holder.invokeSpecial(java.lang.Object, java.lang.Object, java.lang.Object)'> (0x00000000d851c388) 
thrown [s\src\hotspot\share\interpreter\linkResolver.cpp, line 771]
Event: 0.793 Thread 0x0000023d239b2ae0 Exception <a 'sun/nio/fs/WindowsException'{0x00000000d8229fe8}> (0x00000000d8229fe8) 
thrown [s\src\hotspot\share\prims\jni.cpp, line 517]
Event: 0.833 Thread 0x0000023d239b2ae0 Exception <a 'java/lang/NoSuchMethodError'{0x00000000d82750c0}: 'void java.lang.invoke.DirectMethodHandle$Holder.invokeStatic(java.lang.Object, java.lang.Object, java.lang.Object)'> (0x00000000d82750c0) 
thrown [s\src\hotspot\share\interpreter\linkResolver.cpp, line 771]

VM Operations (10 events):
Event: 0.117 Executing VM operation: HandshakeAllThreads
Event: 0.117 Executing VM operation: HandshakeAllThreads done
Event: 0.492 Executing VM operation: HandshakeAllThreads
Event: 0.492 Executing VM operation: HandshakeAllThreads done
Event: 0.507 Executing VM operation: HandshakeAllThreads
Event: 0.507 Executing VM operation: HandshakeAllThreads done
Event: 0.785 Executing VM operation: HandshakeAllThreads
Event: 0.785 Executing VM operation: HandshakeAllThreads done
Event: 0.805 Executing VM operation: HandshakeAllThreads
Event: 0.805 Executing VM operation: HandshakeAllThreads done

Events (20 events):
Event: 0.865 loading class java/text/spi/CollatorProvider
Event: 0.865 loading class java/text/spi/CollatorProvider done
Event: 0.865 loading class java/text/spi/DateFormatProvider
Event: 0.865 loading class java/text/spi/DateFormatProvider done
Event: 0.865 loading class java/text/spi/DateFormatSymbolsProvider
Event: 0.865 loading class java/text/spi/DateFormatSymbolsProvider done
Event: 0.865 loading class java/util/spi/CurrencyNameProvider
Event: 0.865 loading class java/util/spi/CurrencyNameProvider done
Event: 0.865 loading class java/util/spi/LocaleNameProvider
Event: 0.865 loading class java/util/spi/LocaleNameProvider done
Event: 0.865 loading class java/util/spi/TimeZoneNameProvider
Event: 0.865 loading class java/util/spi/TimeZoneNameProvider done
Event: 0.865 loading class sun/util/locale/provider/CalendarDataUtility$CalendarWeekParameterGetter
Event: 0.865 loading class sun/util/locale/provider/LocaleServiceProviderPool$LocalizedObjectGetter
Event: 0.865 loading class sun/util/locale/provider/LocaleServiceProviderPool$LocalizedObjectGetter done
Event: 0.865 loading class sun/util/locale/provider/CalendarDataUtility$CalendarWeekParameterGetter done
Event: 0.866 loading class sun/util/cldr/CLDRCalendarDataProviderImpl
Event: 0.866 loading class sun/util/locale/provider/CalendarDataProviderImpl
Event: 0.866 loading class sun/util/locale/provider/CalendarDataProviderImpl done
Event: 0.866 loading class sun/util/cldr/CLDRCalendarDataProviderImpl done


Dynamic libraries:
0x00007ff78fa40000 - 0x00007ff78fa4a000 	D:\Java Ultimate\IntelliJ IDEA 2022.2.3\jbr\bin\java.exe
0x00007fffa2120000 - 0x00007fffa2310000 	C:\Windows\SYSTEM32\ntdll.dll
0x00007fffa1ae0000 - 0x00007fffa1b92000 	C:\Windows\System32\KERNEL32.DLL
0x00007fff9fec0000 - 0x00007fffa0163000 	C:\Windows\System32\KERNELBASE.dll
0x00007fff9f1d0000 - 0x00007fff9f2ca000 	C:\Windows\System32\ucrtbase.dll
0x00007fff87c40000 - 0x00007fff87c5b000 	D:\Java Ultimate\IntelliJ IDEA 2022.2.3\jbr\bin\VCRUNTIME140.dll
0x00007fff87560000 - 0x00007fff87577000 	D:\Java Ultimate\IntelliJ IDEA 2022.2.3\jbr\bin\jli.dll
0x00007fffa1940000 - 0x00007fffa1ad4000 	C:\Windows\System32\USER32.dll
0x00007fff76100000 - 0x00007fff76385000 	C:\Windows\WinSxS\amd64_microsoft.windows.common-controls_6595b64144ccf1df_6.0.18362.476_none_e6c4b11b130f2595\COMCTL32.dll
0x00007fff9f1a0000 - 0x00007fff9f1c1000 	C:\Windows\System32\win32u.dll
0x00007fffa14b0000 - 0x00007fffa154e000 	C:\Windows\System32\msvcrt.dll
0x00007fffa1ba0000 - 0x00007fffa1bc6000 	C:\Windows\System32\GDI32.dll
0x00007fffa1d70000 - 0x00007fffa20a6000 	C:\Windows\System32\combase.dll
0x00007fffa1c50000 - 0x00007fffa1d70000 	C:\Windows\System32\RPCRT4.dll
0x00007fff9fb00000 - 0x00007fff9fc94000 	C:\Windows\System32\gdi32full.dll
0x00007fff9f100000 - 0x00007fff9f19e000 	C:\Windows\System32\msvcp_win.dll
0x00007fff9f080000 - 0x00007fff9f100000 	C:\Windows\System32\bcryptPrimitives.dll
0x00007fffa05c0000 - 0x00007fffa05ee000 	C:\Windows\System32\IMM32.DLL
0x00007fff97fb0000 - 0x00007fff97fbc000 	D:\Java Ultimate\IntelliJ IDEA 2022.2.3\jbr\bin\vcruntime140_1.dll
0x00007fff63aa0000 - 0x00007fff63b2d000 	D:\Java Ultimate\IntelliJ IDEA 2022.2.3\jbr\bin\msvcp140.dll
0x00007fff1dc70000 - 0x00007fff1e8db000 	D:\Java Ultimate\IntelliJ IDEA 2022.2.3\jbr\bin\server\jvm.dll
0x00007fffa1640000 - 0x00007fffa16e3000 	C:\Windows\System32\ADVAPI32.dll
0x00007fffa16f0000 - 0x00007fffa1787000 	C:\Windows\System32\sechost.dll
0x00007fff9b8a0000 - 0x00007fff9b8c4000 	C:\Windows\SYSTEM32\WINMM.dll
0x00007fff80d00000 - 0x00007fff80d09000 	C:\Windows\SYSTEM32\WSOCK32.dll
0x00007fff95df0000 - 0x00007fff95dfa000 	C:\Windows\SYSTEM32\VERSION.dll
0x00007fffa0490000 - 0x00007fffa04ff000 	C:\Windows\System32\WS2_32.dll
0x00007fff9b870000 - 0x00007fff9b89d000 	C:\Windows\SYSTEM32\WINMMBASE.dll
0x00007fff9f2d0000 - 0x00007fff9f31a000 	C:\Windows\System32\cfgmgr32.dll
0x00007fff9eff0000 - 0x00007fff9f001000 	C:\Windows\System32\kernel.appcore.dll
0x00007fff9b900000 - 0x00007fff9b90a000 	D:\Java Ultimate\IntelliJ IDEA 2022.2.3\jbr\bin\jimage.dll
0x00007fff9d8a0000 - 0x00007fff9da94000 	C:\Windows\SYSTEM32\DBGHELP.DLL
0x00007fff7f050000 - 0x00007fff7f07a000 	C:\Windows\SYSTEM32\dbgcore.DLL
0x00007fff854b0000 - 0x00007fff854d5000 	D:\Java Ultimate\IntelliJ IDEA 2022.2.3\jbr\bin\java.dll
0x00007fff85490000 - 0x00007fff854a8000 	D:\Java Ultimate\IntelliJ IDEA 2022.2.3\jbr\bin\zip.dll
0x00007fffa0dc0000 - 0x00007fffa14a5000 	C:\Windows\System32\SHELL32.dll
0x00007fffa0510000 - 0x00007fffa05b9000 	C:\Windows\System32\shcore.dll
0x00007fff9f380000 - 0x00007fff9fafe000 	C:\Windows\System32\windows.storage.dll
0x00007fff9f010000 - 0x00007fff9f02f000 	C:\Windows\System32\profapi.dll
0x00007fff9f030000 - 0x00007fff9f07a000 	C:\Windows\System32\powrprof.dll
0x00007fff9efc0000 - 0x00007fff9efd0000 	C:\Windows\System32\UMPDC.dll
0x00007fffa0360000 - 0x00007fffa03b2000 	C:\Windows\System32\shlwapi.dll
0x00007fff9fdf0000 - 0x00007fff9fe07000 	C:\Windows\System32\cryptsp.dll
0x00007fff85470000 - 0x00007fff85489000 	D:\Java Ultimate\IntelliJ IDEA 2022.2.3\jbr\bin\net.dll
0x00007fff9a8b0000 - 0x00007fff9a9a0000 	C:\Windows\SYSTEM32\WINHTTP.dll
0x00007fff9e7d0000 - 0x00007fff9e837000 	C:\Windows\system32\mswsock.dll
0x00007fff853e0000 - 0x00007fff853f6000 	D:\Java Ultimate\IntelliJ IDEA 2022.2.3\jbr\bin\nio.dll
0x00007fff56110000 - 0x00007fff562a3000 	D:\Java Ultimate\IntelliJ IDEA 2022.2.3\jbr\bin\awt.dll
0x00007fffa0a70000 - 0x00007fffa0b34000 	C:\Windows\System32\OLEAUT32.dll
0x00007fff9d2b0000 - 0x00007fff9d2dd000 	C:\Windows\SYSTEM32\dwmapi.dll
0x00007fff9cd80000 - 0x00007fff9ce0f000 	C:\Windows\SYSTEM32\apphelp.dll
0x00007fff9cf60000 - 0x00007fff9cff9000 	C:\Windows\system32\uxtheme.dll
0x00007fffa0c80000 - 0x00007fffa0db6000 	C:\Windows\System32\MSCTF.dll
0x00007fffa0200000 - 0x00007fffa0356000 	C:\Windows\System32\ole32.dll
0x00007fff9e4e0000 - 0x00007fff9e51a000 	C:\Windows\SYSTEM32\IPHLPAPI.DLL
0x00007fffa0c70000 - 0x00007fffa0c78000 	C:\Windows\System32\NSI.dll
0x00007fff987e0000 - 0x00007fff987f6000 	C:\Windows\SYSTEM32\dhcpcsvc6.DLL
0x00007fff987c0000 - 0x00007fff987dc000 	C:\Windows\SYSTEM32\dhcpcsvc.DLL
0x00007fff9e520000 - 0x00007fff9e5ea000 	C:\Windows\SYSTEM32\DNSAPI.dll
0x00007fff9e340000 - 0x00007fff9e373000 	C:\Windows\system32\rsaenh.dll
0x00007fffa0170000 - 0x00007fffa0196000 	C:\Windows\System32\bcrypt.dll
0x00007fff9eee0000 - 0x00007fff9ef05000 	C:\Windows\SYSTEM32\USERENV.dll
0x00007fff9e9a0000 - 0x00007fff9e9ac000 	C:\Windows\SYSTEM32\CRYPTBASE.dll
0x00007fff69e40000 - 0x00007fff69e47000 	D:\Java Ultimate\IntelliJ IDEA 2022.2.3\jbr\bin\rmi.dll
0x00007fff9b8f0000 - 0x00007fff9b900000 	D:\Java Ultimate\IntelliJ IDEA 2022.2.3\jbr\bin\verify.dll
0x000000006d110000 - 0x000000006d136000 	C:\Program Files\Bonjour\mdnsNSP.dll
0x00007fff92d00000 - 0x00007fff92d0a000 	C:\Windows\System32\rasadhlp.dll
0x00007fff92c80000 - 0x00007fff92cf7000 	C:\Windows\System32\fwpuclnt.dll
0x00007fff9b520000 - 0x00007fff9b529000 	D:\Java Ultimate\IntelliJ IDEA 2022.2.3\jbr\bin\management.dll
0x00007fff98900000 - 0x00007fff9890b000 	D:\Java Ultimate\IntelliJ IDEA 2022.2.3\jbr\bin\management_ext.dll
0x00007fffa0500000 - 0x00007fffa0508000 	C:\Windows\System32\PSAPI.DLL
0x00007fff97fd0000 - 0x00007fff97fde000 	D:\Java Ultimate\IntelliJ IDEA 2022.2.3\jbr\bin\sunmscapi.dll
0x00007fff9fca0000 - 0x00007fff9fde9000 	C:\Windows\System32\CRYPT32.dll
0x00007fff9efd0000 - 0x00007fff9efe2000 	C:\Windows\System32\MSASN1.dll
0x00007fff9eaa0000 - 0x00007fff9eac6000 	C:\Windows\SYSTEM32\ncrypt.dll
0x00007fff9ea60000 - 0x00007fff9ea9b000 	C:\Windows\SYSTEM32\NTASN1.dll

dbghelp: loaded successfully - version: 4.0.5 - missing functions: none
symbol engine: initialized successfully - sym options: 0x614 - pdb path: .;D:\Java Ultimate\IntelliJ IDEA 2022.2.3\jbr\bin;C:\Windows\SYSTEM32;C:\Windows\WinSxS\amd64_microsoft.windows.common-controls_6595b64144ccf1df_6.0.18362.476_none_e6c4b11b130f2595;D:\Java Ultimate\IntelliJ IDEA 2022.2.3\jbr\bin\server;C:\Program Files\Bonjour

VM Arguments:
jvm_args: -Dawt.toolkit=com.intellij.desktop.DesktopActionsToolkit -Djava.rmi.server.hostname=127.0.0.1 -Duser.timezone=UTC -Xmx750m -Xms128m --add-exports=java.desktop/sun.awt=ALL-UNNAMED --add-exports=java.desktop/java.awt.peer=ALL-UNNAMED --add-opens=java.desktop/java.awt=ALL-UNNAMED --add-opens=jdk.unsupported/sun.misc=ALL-UNNAMED --add-opens=java.base/java.nio=ALL-UNNAMED --add-opens=java.base/java.util=ALL-UNNAMED -Dfile.encoding=UTF-8 
java_command: com.intellij.database.remote.RemoteJdbcServer org.postgresql.Driver
java_class_path (initial): D:\Java Ultimate\IntelliJ IDEA 2022.2.3\lib\util_rt.jar;D:\Java Ultimate\IntelliJ IDEA 2022.2.3\lib\util.jar;D:\Java Ultimate\IntelliJ IDEA 2022.2.3\lib\groovy.jar;D:\Java Ultimate\IntelliJ IDEA 2022.2.3\plugins\DatabaseTools\lib\jdbc-console.jar;C:\Users\Пользователь\AppData\Roaming\JetBrains\IntelliJIdea2022.2\jdbc-drivers\PostgreSQL\42.6.0\org\postgresql\postgresql\42.6.0\postgresql-42.6.0.jar;C:\Users\Пользователь\AppData\Roaming\JetBrains\IntelliJIdea2022.2\jdbc-drivers\PostgreSQL\42.6.0\org\checkerframework\checker-qual\3.31.0\checker-qual-3.31.0.jar;C:\Users\Пользователь\AppData\Roaming\JetBrains\IntelliJIdea2022.2\jdbc-drivers\PostgreSQL\42.6.0\com\github\waffle\waffle-jna\1.9.1\waffle-jna-1.9.1.jar;C:\Users\Пользователь\AppData\Roaming\JetBrains\IntelliJIdea2022.2\jdbc-drivers\PostgreSQL\42.6.0\net\java\dev\jna\jna\4.5.1\jna-4.5.1.jar;C:\Users\Пользователь\AppData\Roaming\JetBrains\IntelliJIdea2022.2\jdbc-drivers\PostgreSQL\42.6.0\net\java\dev\jna\jna-platform\4.5.1\jna-platform-4.5.1.jar;C:\Users\Пользователь\AppData\Roaming\JetBrains\IntelliJIdea2022.2\jdbc-drivers\PostgreSQL\42.6.0\org\slf4j\jcl-over-slf4j\1.7.25\jcl-over-slf4j-1.7.25.jar;C:\Users\Пользователь\AppData\Roaming\JetBrains\IntelliJIdea2022.2\jdbc-drivers\PostgreSQL\42.6.0\org\slf4j\slf4j-api\1.7.25\slf4j-api-1.7.25.jar;C:\Users\Пользователь\AppData\Roaming\JetBrains\IntelliJIdea2022.2\jdbc-drivers\PostgreSQL\42.6.0\com\github\ben-manes\caffeine\caffeine\2.6.2\caffeine-2.6.2.jar
Launcher Type: SUN_STANDARD

[Global flags]
     intx CICompilerCount                          = 4                                         {product} {ergonomic}
     uint ConcGCThreads                            = 2                                         {product} {ergonomic}
     uint G1ConcRefinementThreads                  = 8                                         {product} {ergonomic}
   size_t G1HeapRegionSize                         = 1048576                                   {product} {ergonomic}
    uintx GCDrainStackTargetSize                   = 64                                        {product} {ergonomic}
   size_t InitialHeapSize                          = 134217728                                 {product} {command line}
   size_t MarkStackSize                            = 4194304                                   {product} {ergonomic}
   size_t MaxHeapSize                              = 786432000                                 {product} {command line}
   size_t MaxNewSize                               = 471859200                                 {product} {ergonomic}
   size_t MinHeapDeltaBytes                        = 1048576                                   {product} {ergonomic}
   size_t MinHeapSize                              = 134217728                                 {product} {command line}
    uintx NonNMethodCodeHeapSize                   = 5839372                                {pd product} {ergonomic}
    uintx NonProfiledCodeHeapSize                  = 122909434                              {pd product} {ergonomic}
    uintx ProfiledCodeHeapSize                     = 122909434                              {pd product} {ergonomic}
    uintx ReservedCodeCacheSize                    = 251658240                              {pd product} {ergonomic}
     bool SegmentedCodeCache                       = true                                      {product} {ergonomic}
   size_t SoftMaxHeapSize                          = 786432000                              {manageable} {ergonomic}
     bool UseCompressedClassPointers               = true                           {product lp64_product} {ergonomic}
     bool UseCompressedOops                        = true                           {product lp64_product} {ergonomic}
     bool UseG1GC                                  = true                                      {product} {ergonomic}
     bool UseLargePagesIndividualAllocation        = false                                  {pd product} {ergonomic}

Logging:
Log output configuration:
 #0: stdout all=warning uptime,level,tags
 #1: stderr all=off uptime,level,tags

Environment Variables:
PATH=C:\Program Files\Eclipse Foundation\jdk-8.0.302.8-hotspot\bin;C:\Program Files\Common Files\Oracle\Java\javapath;C:\Windows\system32;C:\Windows;C:\Windows\System32\Wbem;C:\Windows\System32\WindowsPowerShell\v1.0\;C:\Windows\System32\OpenSSH\;C:\Program Files\7-Zip;C:\Program Files (x86)\Pinnacle\Shared Files\;C:\Program Files\Microsoft SQL Server\130\Tools\Binn\;C:\Program Files\dotnet\;C:\Program Files\Microsoft SQL Server\Client SDK\ODBC\170\Tools\Binn\;C:\Program Files\Git\cmd;C:\Program Files (x86)\dotnet\;D:\OTCmatlab\Matlab912Win\MathLab\MATLAB\R2022a\runtime\win64;D:\OTCmatlab\Matlab912Win\MathLab\MATLAB\R2022a\bin;D:\Python (APP)\Scripts\;D:\Python (APP)\;C:\Users\Пользователь\AppData\Local\Microsoft\WindowsApps;D:\Java1\IntelliJ IDEA Community Edition 2021.3.2\bin;;D:\PyCharm Professional\PyCharm Community Edition 2022.2.1\bin;;D:\PyCharm Professional\PyCharm 2022.2.1\bin;;C:\Users\Пользователь\.dotnet\tools
USERNAME=Пользователь
OS=Windows_NT
PROCESSOR_IDENTIFIER=Intel64 Family 6 Model 140 Stepping 1, GenuineIntel
TMP=C:\Users\73B5~1\AppData\Local\Temp
TEMP=C:\Users\73B5~1\AppData\Local\Temp



---------------  S Y S T E M  ---------------

OS:
 Windows 10 , 64 bit Build 18362 (10.0.18362.329)
OS uptime: 0 days 2:44 hours

CPU: total 8 (initial active 8) (4 cores per cpu, 2 threads per core) family 6 model 140 stepping 1 microcode 0x66, cx8, cmov, fxsr, ht, mmx, 3dnowpref, sse, sse2, sse3, ssse3, sse4.1, sse4.2, popcnt, lzcnt, tsc, tscinvbit, avx, avx2, aes, erms, clmul, bmi1, bmi2, adx, avx512f, avx512dq, avx512cd, avx512bw, avx512vl, sha, fma, vzeroupper, avx512_vpopcntdq, avx512_vpclmulqdq, avx512_vaes, avx512_vnni, clflush, clflushopt, clwb, avx512_vbmi2, avx512_vbmi

Memory: 4k page, system-wide physical 7834M (962M free)
TotalPageFile size 9882M (AvailPageFile size 3M)
current process WorkingSet (physical memory assigned to process): 86M, peak: 86M
current process commit charge ("private bytes"): 233M, peak: 233M

vm_info: OpenJDK 64-Bit Server VM (17.0.5+7-b469.71) for windows-amd64 JRE (17.0.5+7-b469.71), built on 2022-11-10 by "builduser" with MS VC++ 16.10 / 16.11 (VS2019)

END.
