#
# There is insufficient memory for the Java Runtime Environment to continue.
# Native memory allocation (malloc) failed to allocate 1509568 bytes for Chunk::new
# Possible reasons:
#   The system is out of physical RAM or swap space
#   The process is running with CompressedOops enabled, and the Java Heap may be blocking the growth of the native heap
# Possible solutions:
#   Reduce memory load on the system
#   Increase physical memory or swap space
#   Check if swap backing store is full
#   Decrease Java heap size (-Xmx/-Xms)
#   Decrease number of Java threads
#   Decrease Java thread stack sizes (-Xss)
#   Set larger code cache with -XX:ReservedCodeCacheSize=
#   JVM is running with Unscaled Compressed Oops mode in which the Java heap is
#     placed in the first 4GB address space. The Java Heap base address is the
#     maximum limit for the native heap growth. Please use -XX:HeapBaseMinAddress
#     to set the Java Heap base and to place the Java Heap above 4GB virtual address.
# This output file may be truncated or incomplete.
#
#  Out of Memory Error (arena.cpp:189), pid=3848, tid=2448
#
# JRE version: OpenJDK Runtime Environment JBR-17.0.5+7-469.71-jcef (17.0.5+7) (build 17.0.5+7-b469.71)
# Java VM: OpenJDK 64-Bit Server VM JBR-17.0.5+7-469.71-jcef (17.0.5+7-b469.71, mixed mode, tiered, compressed oops, compressed class ptrs, g1 gc, windows-amd64)
# No core dump will be written. Minidumps are not enabled by default on client versions of Windows
#

---------------  S U M M A R Y ------------

Command Line: -Dawt.toolkit=com.intellij.desktop.DesktopActionsToolkit -Djava.rmi.server.hostname=127.0.0.1 -Duser.timezone=UTC -Xmx750m -Xms128m --add-exports=java.desktop/sun.awt=ALL-UNNAMED --add-exports=java.desktop/java.awt.peer=ALL-UNNAMED --add-opens=java.desktop/java.awt=ALL-UNNAMED --add-opens=jdk.unsupported/sun.misc=ALL-UNNAMED --add-opens=java.base/java.nio=ALL-UNNAMED --add-opens=java.base/java.util=ALL-UNNAMED -Dfile.encoding=UTF-8 com.intellij.database.remote.RemoteJdbcServer org.postgresql.Driver

Host: 11th Gen Intel(R) Core(TM) i3-1125G4 @ 2.00GHz, 8 cores, 7G,  Windows 10 , 64 bit Build 18362 (10.0.18362.329)
Time: Fri Oct 13 19:03:45 2023 RTZ 2 (зима) elapsed time: 0.635738 seconds (0d 0h 0m 0s)

---------------  T H R E A D  ---------------

Current thread (0x0000012116557420):  JavaThread "C2 CompilerThread0" daemon [_thread_in_native, id=2448, stack(0x000000124c900000,0x000000124ca00000)]


Current CompileTask:
C2:    635 1056 % !   4       com.sun.crypto.provider.PBKDF2KeyImpl::deriveKey @ 191 (295 bytes)

Stack: [0x000000124c900000,0x000000124ca00000]
Native frames: (J=compiled Java code, j=interpreted, Vv=VM code, C=native code)
V  [jvm.dll+0x6830ca]
V  [jvm.dll+0x83f4c4]
V  [jvm.dll+0x840c6e]
V  [jvm.dll+0x8412d3]
V  [jvm.dll+0x2490b5]
V  [jvm.dll+0xabd5c]
V  [jvm.dll+0xac32c]
V  [jvm.dll+0x3680d7]
V  [jvm.dll+0x332731]
V  [jvm.dll+0x331bda]
V  [jvm.dll+0x21b761]
V  [jvm.dll+0x21ab81]
V  [jvm.dll+0x1a470d]
V  [jvm.dll+0x22a5f8]
V  [jvm.dll+0x2286b9]
V  [jvm.dll+0x7f4eac]
V  [jvm.dll+0x7ef40a]
V  [jvm.dll+0x681f05]
C  [ucrtbase.dll+0x20e72]
C  [KERNEL32.DLL+0x17bd4]
C  [ntdll.dll+0x6ced1]


---------------  P R O C E S S  ---------------

Threads class SMR info:
_java_thread_list=0x0000012118ead370, length=26, elements={
0x000001217d4429c0, 0x00000121165242e0, 0x0000012116525db0, 0x000001211655d9b0,
0x0000012116560090, 0x0000012116562570, 0x0000012116562a40, 0x0000012116557420,
0x000001211655c1a0, 0x000001211655c6b0, 0x00000121171a17e0, 0x00000121171a84f0,
0x000001211747e400, 0x000001211747e8d0, 0x000001211747f700, 0x00000121175b40e0,
0x00000121175b5a20, 0x0000012117537230, 0x0000012117597340, 0x00000121175b24f0,
0x00000121175c88c0, 0x00000121175ca5a0, 0x00000121175ca0d0, 0x00000121177459d0,
0x0000012117607f40, 0x00000121175c9730
}

Java Threads: ( => current thread )
  0x000001217d4429c0 JavaThread "main" [_thread_blocked, id=12048, stack(0x000000124bc00000,0x000000124bd00000)]
  0x00000121165242e0 JavaThread "Reference Handler" daemon [_thread_blocked, id=2824, stack(0x000000124c300000,0x000000124c400000)]
  0x0000012116525db0 JavaThread "Finalizer" daemon [_thread_blocked, id=13644, stack(0x000000124c400000,0x000000124c500000)]
  0x000001211655d9b0 JavaThread "Signal Dispatcher" daemon [_thread_blocked, id=12976, stack(0x000000124c500000,0x000000124c600000)]
  0x0000012116560090 JavaThread "Attach Listener" daemon [_thread_blocked, id=14044, stack(0x000000124c600000,0x000000124c700000)]
  0x0000012116562570 JavaThread "Service Thread" daemon [_thread_blocked, id=11252, stack(0x000000124c700000,0x000000124c800000)]
  0x0000012116562a40 JavaThread "Monitor Deflation Thread" daemon [_thread_blocked, id=4548, stack(0x000000124c800000,0x000000124c900000)]
=>0x0000012116557420 JavaThread "C2 CompilerThread0" daemon [_thread_in_native, id=2448, stack(0x000000124c900000,0x000000124ca00000)]
  0x000001211655c1a0 JavaThread "C1 CompilerThread0" daemon [_thread_in_native, id=2808, stack(0x000000124ca00000,0x000000124cb00000)]
  0x000001211655c6b0 JavaThread "Sweeper thread" daemon [_thread_blocked, id=7456, stack(0x000000124cb00000,0x000000124cc00000)]
  0x00000121171a17e0 JavaThread "Common-Cleaner" daemon [_thread_blocked, id=6700, stack(0x000000124cc00000,0x000000124cd00000)]
  0x00000121171a84f0 JavaThread "Notification Thread" daemon [_thread_blocked, id=14712, stack(0x000000124cd00000,0x000000124ce00000)]
  0x000001211747e400 JavaThread "Java2D Disposer" daemon [_thread_blocked, id=15276, stack(0x000000124cf00000,0x000000124d000000)]
  0x000001211747e8d0 JavaThread "AWT-Shutdown" [_thread_blocked, id=9288, stack(0x000000124d000000,0x000000124d100000)]
  0x000001211747f700 JavaThread "AWT-Windows" daemon [_thread_in_native, id=2480, stack(0x000000124d100000,0x000000124d200000)]
  0x00000121175b40e0 JavaThread "RMI TCP Accept-8708" daemon [_thread_in_native, id=11800, stack(0x000000124d200000,0x000000124d300000)]
  0x00000121175b5a20 JavaThread "RMI TCP Accept-0" daemon [_thread_in_native, id=14936, stack(0x000000124d300000,0x000000124d400000)]
  0x0000012117537230 JavaThread "RMI Reaper" [_thread_blocked, id=7468, stack(0x000000124d400000,0x000000124d500000)]
  0x0000012117597340 JavaThread "RMI GC Daemon" daemon [_thread_blocked, id=7140, stack(0x000000124d500000,0x000000124d600000)]
  0x00000121175b24f0 JavaThread "RMI TCP Connection(1)-127.0.0.1" daemon [_thread_in_native, id=12104, stack(0x000000124d600000,0x000000124d700000)]
  0x00000121175c88c0 JavaThread "RMI TCP Connection(2)-127.0.0.1" daemon [_thread_in_Java, id=14520, stack(0x000000124d700000,0x000000124d800000)]
  0x00000121175ca5a0 JavaThread "RMI Scheduler(0)" daemon [_thread_blocked, id=15080, stack(0x000000124d800000,0x000000124d900000)]
  0x00000121175ca0d0 JavaThread "RMI RenewClean-[127.0.0.1:56867]" daemon [_thread_blocked, id=1724, stack(0x000000124d900000,0x000000124da00000)]
  0x00000121177459d0 JavaThread "C2 CompilerThread1" daemon [_thread_in_native, id=11584, stack(0x000000124db00000,0x000000124dc00000)]
  0x0000012117607f40 JavaThread "C2 CompilerThread2" daemon [_thread_in_native, id=1336, stack(0x000000124dc00000,0x000000124dd00000)]
  0x00000121175c9730 JavaThread "PostgreSQL-JDBC-Cleaner" daemon [_thread_blocked, id=12684, stack(0x000000124dd00000,0x000000124de00000)]

Other Threads:
  0x0000012116520080 VMThread "VM Thread" [stack: 0x000000124c200000,0x000000124c300000] [id=12476]
  0x000001217d485190 WatcherThread [stack: 0x000000124ce00000,0x000000124cf00000] [id=7668]
  0x000001217d476d50 GCTaskThread "GC Thread#0" [stack: 0x000000124bd00000,0x000000124be00000] [id=7856]
  0x000001217d47d960 ConcurrentGCThread "G1 Main Marker" [stack: 0x000000124be00000,0x000000124bf00000] [id=1928]
  0x000001217d47e280 ConcurrentGCThread "G1 Conc#0" [stack: 0x000000124bf00000,0x000000124c000000] [id=9540]
  0x0000012116380090 ConcurrentGCThread "G1 Refine#0" [stack: 0x000000124c000000,0x000000124c100000] [id=14820]
  0x00000121163819d0 ConcurrentGCThread "G1 Service" [stack: 0x000000124c100000,0x000000124c200000] [id=12324]

Threads with active compile tasks:
C2 CompilerThread0      646 1056 % !   4       com.sun.crypto.provider.PBKDF2KeyImpl::deriveKey @ 191 (295 bytes)
C1 CompilerThread0      646 1213       3       sun.security.provider.DigestBase::engineDigest (112 bytes)
C2 CompilerThread1      646 1204       4       jdk.internal.org.objectweb.asm.Frame::push (109 bytes)
C2 CompilerThread2      646 1198       4       jdk.internal.org.objectweb.asm.Frame::execute (2305 bytes)

VM state: not at safepoint (normal execution)

VM Mutex/Monitor currently owned by a thread: None

Heap address: 0x00000000d1200000, size: 750 MB, Compressed Oops mode: 32-bit

CDS archive(s) not mapped
Compressed class space mapped at: 0x0000000100000000-0x0000000140000000, reserved size: 1073741824
Narrow klass base: 0x0000000000000000, Narrow klass shift: 3, Narrow klass range: 0x140000000

GC Precious Log:
 CPUs: 8 total, 8 available
 Memory: 7834M
 Large Page Support: Disabled
 NUMA Support: Disabled
 Compressed Oops: Enabled (32-bit)
 Heap Region Size: 1M
 Heap Min Capacity: 128M
 Heap Initial Capacity: 128M
 Heap Max Capacity: 750M
 Pre-touch: Disabled
 Parallel Workers: 8
 Concurrent Workers: 2
 Concurrent Refinement Workers: 8
 Periodic GC: Disabled

Heap:
 garbage-first heap   total 131072K, used 19456K [0x00000000d1200000, 0x0000000100000000)
  region size 1024K, 21 young (21504K), 0 survivors (0K)
 Metaspace       used 18347K, committed 18624K, reserved 1073152K
  class space    used 1879K, committed 1984K, reserved 1048576K

Heap Regions: E=young(eden), S=young(survivor), O=old, HS=humongous(starts), HC=humongous(continues), CS=collection set, F=free, OA=open archive, CA=closed archive, TAMS=top-at-mark-start (previous, next)
|   0|0x00000000d1200000, 0x00000000d1200000, 0x00000000d1300000|  0%| F|  |TAMS 0x00000000d1200000, 0x00000000d1200000| Untracked 
|   1|0x00000000d1300000, 0x00000000d1300000, 0x00000000d1400000|  0%| F|  |TAMS 0x00000000d1300000, 0x00000000d1300000| Untracked 
|   2|0x00000000d1400000, 0x00000000d1400000, 0x00000000d1500000|  0%| F|  |TAMS 0x00000000d1400000, 0x00000000d1400000| Untracked 
|   3|0x00000000d1500000, 0x00000000d1500000, 0x00000000d1600000|  0%| F|  |TAMS 0x00000000d1500000, 0x00000000d1500000| Untracked 
|   4|0x00000000d1600000, 0x00000000d1600000, 0x00000000d1700000|  0%| F|  |TAMS 0x00000000d1600000, 0x00000000d1600000| Untracked 
|   5|0x00000000d1700000, 0x00000000d1700000, 0x00000000d1800000|  0%| F|  |TAMS 0x00000000d1700000, 0x00000000d1700000| Untracked 
|   6|0x00000000d1800000, 0x00000000d1800000, 0x00000000d1900000|  0%| F|  |TAMS 0x00000000d1800000, 0x00000000d1800000| Untracked 
|   7|0x00000000d1900000, 0x00000000d1900000, 0x00000000d1a00000|  0%| F|  |TAMS 0x00000000d1900000, 0x00000000d1900000| Untracked 
|   8|0x00000000d1a00000, 0x00000000d1a00000, 0x00000000d1b00000|  0%| F|  |TAMS 0x00000000d1a00000, 0x00000000d1a00000| Untracked 
|   9|0x00000000d1b00000, 0x00000000d1b00000, 0x00000000d1c00000|  0%| F|  |TAMS 0x00000000d1b00000, 0x00000000d1b00000| Untracked 
|  10|0x00000000d1c00000, 0x00000000d1c00000, 0x00000000d1d00000|  0%| F|  |TAMS 0x00000000d1c00000, 0x00000000d1c00000| Untracked 
|  11|0x00000000d1d00000, 0x00000000d1d00000, 0x00000000d1e00000|  0%| F|  |TAMS 0x00000000d1d00000, 0x00000000d1d00000| Untracked 
|  12|0x00000000d1e00000, 0x00000000d1e00000, 0x00000000d1f00000|  0%| F|  |TAMS 0x00000000d1e00000, 0x00000000d1e00000| Untracked 
|  13|0x00000000d1f00000, 0x00000000d1f00000, 0x00000000d2000000|  0%| F|  |TAMS 0x00000000d1f00000, 0x00000000d1f00000| Untracked 
|  14|0x00000000d2000000, 0x00000000d2000000, 0x00000000d2100000|  0%| F|  |TAMS 0x00000000d2000000, 0x00000000d2000000| Untracked 
|  15|0x00000000d2100000, 0x00000000d2100000, 0x00000000d2200000|  0%| F|  |TAMS 0x00000000d2100000, 0x00000000d2100000| Untracked 
|  16|0x00000000d2200000, 0x00000000d2200000, 0x00000000d2300000|  0%| F|  |TAMS 0x00000000d2200000, 0x00000000d2200000| Untracked 
|  17|0x00000000d2300000, 0x00000000d2300000, 0x00000000d2400000|  0%| F|  |TAMS 0x00000000d2300000, 0x00000000d2300000| Untracked 
|  18|0x00000000d2400000, 0x00000000d2400000, 0x00000000d2500000|  0%| F|  |TAMS 0x00000000d2400000, 0x00000000d2400000| Untracked 
|  19|0x00000000d2500000, 0x00000000d2500000, 0x00000000d2600000|  0%| F|  |TAMS 0x00000000d2500000, 0x00000000d2500000| Untracked 
|  20|0x00000000d2600000, 0x00000000d2600000, 0x00000000d2700000|  0%| F|  |TAMS 0x00000000d2600000, 0x00000000d2600000| Untracked 
|  21|0x00000000d2700000, 0x00000000d2700000, 0x00000000d2800000|  0%| F|  |TAMS 0x00000000d2700000, 0x00000000d2700000| Untracked 
|  22|0x00000000d2800000, 0x00000000d2800000, 0x00000000d2900000|  0%| F|  |TAMS 0x00000000d2800000, 0x00000000d2800000| Untracked 
|  23|0x00000000d2900000, 0x00000000d2900000, 0x00000000d2a00000|  0%| F|  |TAMS 0x00000000d2900000, 0x00000000d2900000| Untracked 
|  24|0x00000000d2a00000, 0x00000000d2a00000, 0x00000000d2b00000|  0%| F|  |TAMS 0x00000000d2a00000, 0x00000000d2a00000| Untracked 
|  25|0x00000000d2b00000, 0x00000000d2b00000, 0x00000000d2c00000|  0%| F|  |TAMS 0x00000000d2b00000, 0x00000000d2b00000| Untracked 
|  26|0x00000000d2c00000, 0x00000000d2c00000, 0x00000000d2d00000|  0%| F|  |TAMS 0x00000000d2c00000, 0x00000000d2c00000| Untracked 
|  27|0x00000000d2d00000, 0x00000000d2d00000, 0x00000000d2e00000|  0%| F|  |TAMS 0x00000000d2d00000, 0x00000000d2d00000| Untracked 
|  28|0x00000000d2e00000, 0x00000000d2e00000, 0x00000000d2f00000|  0%| F|  |TAMS 0x00000000d2e00000, 0x00000000d2e00000| Untracked 
|  29|0x00000000d2f00000, 0x00000000d2f00000, 0x00000000d3000000|  0%| F|  |TAMS 0x00000000d2f00000, 0x00000000d2f00000| Untracked 
|  30|0x00000000d3000000, 0x00000000d3000000, 0x00000000d3100000|  0%| F|  |TAMS 0x00000000d3000000, 0x00000000d3000000| Untracked 
|  31|0x00000000d3100000, 0x00000000d3100000, 0x00000000d3200000|  0%| F|  |TAMS 0x00000000d3100000, 0x00000000d3100000| Untracked 
|  32|0x00000000d3200000, 0x00000000d3200000, 0x00000000d3300000|  0%| F|  |TAMS 0x00000000d3200000, 0x00000000d3200000| Untracked 
|  33|0x00000000d3300000, 0x00000000d3300000, 0x00000000d3400000|  0%| F|  |TAMS 0x00000000d3300000, 0x00000000d3300000| Untracked 
|  34|0x00000000d3400000, 0x00000000d3400000, 0x00000000d3500000|  0%| F|  |TAMS 0x00000000d3400000, 0x00000000d3400000| Untracked 
|  35|0x00000000d3500000, 0x00000000d3500000, 0x00000000d3600000|  0%| F|  |TAMS 0x00000000d3500000, 0x00000000d3500000| Untracked 
|  36|0x00000000d3600000, 0x00000000d3600000, 0x00000000d3700000|  0%| F|  |TAMS 0x00000000d3600000, 0x00000000d3600000| Untracked 
|  37|0x00000000d3700000, 0x00000000d3700000, 0x00000000d3800000|  0%| F|  |TAMS 0x00000000d3700000, 0x00000000d3700000| Untracked 
|  38|0x00000000d3800000, 0x00000000d3800000, 0x00000000d3900000|  0%| F|  |TAMS 0x00000000d3800000, 0x00000000d3800000| Untracked 
|  39|0x00000000d3900000, 0x00000000d3900000, 0x00000000d3a00000|  0%| F|  |TAMS 0x00000000d3900000, 0x00000000d3900000| Untracked 
|  40|0x00000000d3a00000, 0x00000000d3a00000, 0x00000000d3b00000|  0%| F|  |TAMS 0x00000000d3a00000, 0x00000000d3a00000| Untracked 
|  41|0x00000000d3b00000, 0x00000000d3b00000, 0x00000000d3c00000|  0%| F|  |TAMS 0x00000000d3b00000, 0x00000000d3b00000| Untracked 
|  42|0x00000000d3c00000, 0x00000000d3c00000, 0x00000000d3d00000|  0%| F|  |TAMS 0x00000000d3c00000, 0x00000000d3c00000| Untracked 
|  43|0x00000000d3d00000, 0x00000000d3d00000, 0x00000000d3e00000|  0%| F|  |TAMS 0x00000000d3d00000, 0x00000000d3d00000| Untracked 
|  44|0x00000000d3e00000, 0x00000000d3e00000, 0x00000000d3f00000|  0%| F|  |TAMS 0x00000000d3e00000, 0x00000000d3e00000| Untracked 
|  45|0x00000000d3f00000, 0x00000000d3f00000, 0x00000000d4000000|  0%| F|  |TAMS 0x00000000d3f00000, 0x00000000d3f00000| Untracked 
|  46|0x00000000d4000000, 0x00000000d4000000, 0x00000000d4100000|  0%| F|  |TAMS 0x00000000d4000000, 0x00000000d4000000| Untracked 
|  47|0x00000000d4100000, 0x00000000d4100000, 0x00000000d4200000|  0%| F|  |TAMS 0x00000000d4100000, 0x00000000d4100000| Untracked 
|  48|0x00000000d4200000, 0x00000000d4200000, 0x00000000d4300000|  0%| F|  |TAMS 0x00000000d4200000, 0x00000000d4200000| Untracked 
|  49|0x00000000d4300000, 0x00000000d4300000, 0x00000000d4400000|  0%| F|  |TAMS 0x00000000d4300000, 0x00000000d4300000| Untracked 
|  50|0x00000000d4400000, 0x00000000d4400000, 0x00000000d4500000|  0%| F|  |TAMS 0x00000000d4400000, 0x00000000d4400000| Untracked 
|  51|0x00000000d4500000, 0x00000000d4500000, 0x00000000d4600000|  0%| F|  |TAMS 0x00000000d4500000, 0x00000000d4500000| Untracked 
|  52|0x00000000d4600000, 0x00000000d4600000, 0x00000000d4700000|  0%| F|  |TAMS 0x00000000d4600000, 0x00000000d4600000| Untracked 
|  53|0x00000000d4700000, 0x00000000d4700000, 0x00000000d4800000|  0%| F|  |TAMS 0x00000000d4700000, 0x00000000d4700000| Untracked 
|  54|0x00000000d4800000, 0x00000000d4800000, 0x00000000d4900000|  0%| F|  |TAMS 0x00000000d4800000, 0x00000000d4800000| Untracked 
|  55|0x00000000d4900000, 0x00000000d4900000, 0x00000000d4a00000|  0%| F|  |TAMS 0x00000000d4900000, 0x00000000d4900000| Untracked 
|  56|0x00000000d4a00000, 0x00000000d4a00000, 0x00000000d4b00000|  0%| F|  |TAMS 0x00000000d4a00000, 0x00000000d4a00000| Untracked 
|  57|0x00000000d4b00000, 0x00000000d4b00000, 0x00000000d4c00000|  0%| F|  |TAMS 0x00000000d4b00000, 0x00000000d4b00000| Untracked 
|  58|0x00000000d4c00000, 0x00000000d4c00000, 0x00000000d4d00000|  0%| F|  |TAMS 0x00000000d4c00000, 0x00000000d4c00000| Untracked 
|  59|0x00000000d4d00000, 0x00000000d4d00000, 0x00000000d4e00000|  0%| F|  |TAMS 0x00000000d4d00000, 0x00000000d4d00000| Untracked 
|  60|0x00000000d4e00000, 0x00000000d4e00000, 0x00000000d4f00000|  0%| F|  |TAMS 0x00000000d4e00000, 0x00000000d4e00000| Untracked 
|  61|0x00000000d4f00000, 0x00000000d4f00000, 0x00000000d5000000|  0%| F|  |TAMS 0x00000000d4f00000, 0x00000000d4f00000| Untracked 
|  62|0x00000000d5000000, 0x00000000d5000000, 0x00000000d5100000|  0%| F|  |TAMS 0x00000000d5000000, 0x00000000d5000000| Untracked 
|  63|0x00000000d5100000, 0x00000000d5100000, 0x00000000d5200000|  0%| F|  |TAMS 0x00000000d5100000, 0x00000000d5100000| Untracked 
|  64|0x00000000d5200000, 0x00000000d5200000, 0x00000000d5300000|  0%| F|  |TAMS 0x00000000d5200000, 0x00000000d5200000| Untracked 
|  65|0x00000000d5300000, 0x00000000d5300000, 0x00000000d5400000|  0%| F|  |TAMS 0x00000000d5300000, 0x00000000d5300000| Untracked 
|  66|0x00000000d5400000, 0x00000000d5400000, 0x00000000d5500000|  0%| F|  |TAMS 0x00000000d5400000, 0x00000000d5400000| Untracked 
|  67|0x00000000d5500000, 0x00000000d5500000, 0x00000000d5600000|  0%| F|  |TAMS 0x00000000d5500000, 0x00000000d5500000| Untracked 
|  68|0x00000000d5600000, 0x00000000d5600000, 0x00000000d5700000|  0%| F|  |TAMS 0x00000000d5600000, 0x00000000d5600000| Untracked 
|  69|0x00000000d5700000, 0x00000000d5700000, 0x00000000d5800000|  0%| F|  |TAMS 0x00000000d5700000, 0x00000000d5700000| Untracked 
|  70|0x00000000d5800000, 0x00000000d5800000, 0x00000000d5900000|  0%| F|  |TAMS 0x00000000d5800000, 0x00000000d5800000| Untracked 
|  71|0x00000000d5900000, 0x00000000d5900000, 0x00000000d5a00000|  0%| F|  |TAMS 0x00000000d5900000, 0x00000000d5900000| Untracked 
|  72|0x00000000d5a00000, 0x00000000d5a00000, 0x00000000d5b00000|  0%| F|  |TAMS 0x00000000d5a00000, 0x00000000d5a00000| Untracked 
|  73|0x00000000d5b00000, 0x00000000d5b00000, 0x00000000d5c00000|  0%| F|  |TAMS 0x00000000d5b00000, 0x00000000d5b00000| Untracked 
|  74|0x00000000d5c00000, 0x00000000d5c00000, 0x00000000d5d00000|  0%| F|  |TAMS 0x00000000d5c00000, 0x00000000d5c00000| Untracked 
|  75|0x00000000d5d00000, 0x00000000d5d00000, 0x00000000d5e00000|  0%| F|  |TAMS 0x00000000d5d00000, 0x00000000d5d00000| Untracked 
|  76|0x00000000d5e00000, 0x00000000d5e00000, 0x00000000d5f00000|  0%| F|  |TAMS 0x00000000d5e00000, 0x00000000d5e00000| Untracked 
|  77|0x00000000d5f00000, 0x00000000d5f00000, 0x00000000d6000000|  0%| F|  |TAMS 0x00000000d5f00000, 0x00000000d5f00000| Untracked 
|  78|0x00000000d6000000, 0x00000000d6000000, 0x00000000d6100000|  0%| F|  |TAMS 0x00000000d6000000, 0x00000000d6000000| Untracked 
|  79|0x00000000d6100000, 0x00000000d6100000, 0x00000000d6200000|  0%| F|  |TAMS 0x00000000d6100000, 0x00000000d6100000| Untracked 
|  80|0x00000000d6200000, 0x00000000d6200000, 0x00000000d6300000|  0%| F|  |TAMS 0x00000000d6200000, 0x00000000d6200000| Untracked 
|  81|0x00000000d6300000, 0x00000000d6300000, 0x00000000d6400000|  0%| F|  |TAMS 0x00000000d6300000, 0x00000000d6300000| Untracked 
|  82|0x00000000d6400000, 0x00000000d6400000, 0x00000000d6500000|  0%| F|  |TAMS 0x00000000d6400000, 0x00000000d6400000| Untracked 
|  83|0x00000000d6500000, 0x00000000d6500000, 0x00000000d6600000|  0%| F|  |TAMS 0x00000000d6500000, 0x00000000d6500000| Untracked 
|  84|0x00000000d6600000, 0x00000000d6600000, 0x00000000d6700000|  0%| F|  |TAMS 0x00000000d6600000, 0x00000000d6600000| Untracked 
|  85|0x00000000d6700000, 0x00000000d6700000, 0x00000000d6800000|  0%| F|  |TAMS 0x00000000d6700000, 0x00000000d6700000| Untracked 
|  86|0x00000000d6800000, 0x00000000d6800000, 0x00000000d6900000|  0%| F|  |TAMS 0x00000000d6800000, 0x00000000d6800000| Untracked 
|  87|0x00000000d6900000, 0x00000000d6900000, 0x00000000d6a00000|  0%| F|  |TAMS 0x00000000d6900000, 0x00000000d6900000| Untracked 
|  88|0x00000000d6a00000, 0x00000000d6a00000, 0x00000000d6b00000|  0%| F|  |TAMS 0x00000000d6a00000, 0x00000000d6a00000| Untracked 
|  89|0x00000000d6b00000, 0x00000000d6b00000, 0x00000000d6c00000|  0%| F|  |TAMS 0x00000000d6b00000, 0x00000000d6b00000| Untracked 
|  90|0x00000000d6c00000, 0x00000000d6c00000, 0x00000000d6d00000|  0%| F|  |TAMS 0x00000000d6c00000, 0x00000000d6c00000| Untracked 
|  91|0x00000000d6d00000, 0x00000000d6d00000, 0x00000000d6e00000|  0%| F|  |TAMS 0x00000000d6d00000, 0x00000000d6d00000| Untracked 
|  92|0x00000000d6e00000, 0x00000000d6e00000, 0x00000000d6f00000|  0%| F|  |TAMS 0x00000000d6e00000, 0x00000000d6e00000| Untracked 
|  93|0x00000000d6f00000, 0x00000000d6f00000, 0x00000000d7000000|  0%| F|  |TAMS 0x00000000d6f00000, 0x00000000d6f00000| Untracked 
|  94|0x00000000d7000000, 0x00000000d7000000, 0x00000000d7100000|  0%| F|  |TAMS 0x00000000d7000000, 0x00000000d7000000| Untracked 
|  95|0x00000000d7100000, 0x00000000d7100000, 0x00000000d7200000|  0%| F|  |TAMS 0x00000000d7100000, 0x00000000d7100000| Untracked 
|  96|0x00000000d7200000, 0x00000000d7200000, 0x00000000d7300000|  0%| F|  |TAMS 0x00000000d7200000, 0x00000000d7200000| Untracked 
|  97|0x00000000d7300000, 0x00000000d7300000, 0x00000000d7400000|  0%| F|  |TAMS 0x00000000d7300000, 0x00000000d7300000| Untracked 
|  98|0x00000000d7400000, 0x00000000d7400000, 0x00000000d7500000|  0%| F|  |TAMS 0x00000000d7400000, 0x00000000d7400000| Untracked 
|  99|0x00000000d7500000, 0x00000000d7500000, 0x00000000d7600000|  0%| F|  |TAMS 0x00000000d7500000, 0x00000000d7500000| Untracked 
| 100|0x00000000d7600000, 0x00000000d7600000, 0x00000000d7700000|  0%| F|  |TAMS 0x00000000d7600000, 0x00000000d7600000| Untracked 
| 101|0x00000000d7700000, 0x00000000d7700000, 0x00000000d7800000|  0%| F|  |TAMS 0x00000000d7700000, 0x00000000d7700000| Untracked 
| 102|0x00000000d7800000, 0x00000000d7800000, 0x00000000d7900000|  0%| F|  |TAMS 0x00000000d7800000, 0x00000000d7800000| Untracked 
| 103|0x00000000d7900000, 0x00000000d7900000, 0x00000000d7a00000|  0%| F|  |TAMS 0x00000000d7900000, 0x00000000d7900000| Untracked 
| 104|0x00000000d7a00000, 0x00000000d7a00000, 0x00000000d7b00000|  0%| F|  |TAMS 0x00000000d7a00000, 0x00000000d7a00000| Untracked 
| 105|0x00000000d7b00000, 0x00000000d7b00000, 0x00000000d7c00000|  0%| F|  |TAMS 0x00000000d7b00000, 0x00000000d7b00000| Untracked 
| 106|0x00000000d7c00000, 0x00000000d7c00000, 0x00000000d7d00000|  0%| F|  |TAMS 0x00000000d7c00000, 0x00000000d7c00000| Untracked 
| 107|0x00000000d7d00000, 0x00000000d7d76478, 0x00000000d7e00000| 46%| E|  |TAMS 0x00000000d7d00000, 0x00000000d7d00000| Complete 
| 108|0x00000000d7e00000, 0x00000000d7f00000, 0x00000000d7f00000|100%| E|CS|TAMS 0x00000000d7e00000, 0x00000000d7e00000| Complete 
| 109|0x00000000d7f00000, 0x00000000d8000000, 0x00000000d8000000|100%| E|CS|TAMS 0x00000000d7f00000, 0x00000000d7f00000| Complete 
| 110|0x00000000d8000000, 0x00000000d8100000, 0x00000000d8100000|100%| E|CS|TAMS 0x00000000d8000000, 0x00000000d8000000| Complete 
| 111|0x00000000d8100000, 0x00000000d8200000, 0x00000000d8200000|100%| E|CS|TAMS 0x00000000d8100000, 0x00000000d8100000| Complete 
| 112|0x00000000d8200000, 0x00000000d8300000, 0x00000000d8300000|100%| E|CS|TAMS 0x00000000d8200000, 0x00000000d8200000| Complete 
| 113|0x00000000d8300000, 0x00000000d8400000, 0x00000000d8400000|100%| E|CS|TAMS 0x00000000d8300000, 0x00000000d8300000| Complete 
| 114|0x00000000d8400000, 0x00000000d8500000, 0x00000000d8500000|100%| E|  |TAMS 0x00000000d8400000, 0x00000000d8400000| Complete 
| 115|0x00000000d8500000, 0x00000000d8600000, 0x00000000d8600000|100%| E|CS|TAMS 0x00000000d8500000, 0x00000000d8500000| Complete 
| 116|0x00000000d8600000, 0x00000000d8700000, 0x00000000d8700000|100%| E|CS|TAMS 0x00000000d8600000, 0x00000000d8600000| Complete 
| 117|0x00000000d8700000, 0x00000000d8800000, 0x00000000d8800000|100%| E|CS|TAMS 0x00000000d8700000, 0x00000000d8700000| Complete 
| 118|0x00000000d8800000, 0x00000000d8900000, 0x00000000d8900000|100%| E|CS|TAMS 0x00000000d8800000, 0x00000000d8800000| Complete 
| 119|0x00000000d8900000, 0x00000000d8a00000, 0x00000000d8a00000|100%| E|CS|TAMS 0x00000000d8900000, 0x00000000d8900000| Complete 
| 120|0x00000000d8a00000, 0x00000000d8b00000, 0x00000000d8b00000|100%| E|CS|TAMS 0x00000000d8a00000, 0x00000000d8a00000| Complete 
| 121|0x00000000d8b00000, 0x00000000d8c00000, 0x00000000d8c00000|100%| E|CS|TAMS 0x00000000d8b00000, 0x00000000d8b00000| Complete 
| 122|0x00000000d8c00000, 0x00000000d8d00000, 0x00000000d8d00000|100%| E|CS|TAMS 0x00000000d8c00000, 0x00000000d8c00000| Complete 
| 123|0x00000000d8d00000, 0x00000000d8e00000, 0x00000000d8e00000|100%| E|CS|TAMS 0x00000000d8d00000, 0x00000000d8d00000| Complete 
| 124|0x00000000d8e00000, 0x00000000d8f00000, 0x00000000d8f00000|100%| E|CS|TAMS 0x00000000d8e00000, 0x00000000d8e00000| Complete 
| 125|0x00000000d8f00000, 0x00000000d9000000, 0x00000000d9000000|100%| E|CS|TAMS 0x00000000d8f00000, 0x00000000d8f00000| Complete 
| 126|0x00000000d9000000, 0x00000000d9100000, 0x00000000d9100000|100%| E|CS|TAMS 0x00000000d9000000, 0x00000000d9000000| Complete 
| 127|0x00000000d9100000, 0x00000000d9200000, 0x00000000d9200000|100%| E|CS|TAMS 0x00000000d9100000, 0x00000000d9100000| Complete 

Card table byte_map: [0x000001217f900000,0x000001217fa80000] _byte_map_base: 0x000001217f277000

Marking Bits (Prev, Next): (CMBitMap*) 0x000001217d477270, (CMBitMap*) 0x000001217d4772b0
 Prev Bits: [0x00000121126a0000, 0x0000012113258000)
 Next Bits: [0x0000012113260000, 0x0000012113e18000)

Polling page: 0x000001217d2f0000

Metaspace:

Usage:
  Non-class:     16.10 MB used.
      Class:      1.84 MB used.
       Both:     17.94 MB used.

Virtual space:
  Non-class space:       24.00 MB reserved,      16.25 MB ( 68%) committed,  3 nodes.
      Class space:        1.00 GB reserved,       1.94 MB ( <1%) committed,  1 nodes.
             Both:        1.02 GB reserved,      18.19 MB (  2%) committed. 

Chunk freelists:
   Non-Class:  3.68 MB
       Class:  2.01 MB
        Both:  5.70 MB

MaxMetaspaceSize: unlimited
CompressedClassSpaceSize: 1.00 GB
Initial GC threshold: 21.00 MB
Current GC threshold: 21.00 MB
CDS: off
MetaspaceReclaimPolicy: balanced
 - commit_granule_bytes: 65536.
 - commit_granule_words: 8192.
 - virtual_space_node_default_size: 1048576.
 - enlarge_chunks_in_place: 1.
 - new_chunks_are_fully_committed: 0.
 - uncommit_free_chunks: 1.
 - use_allocation_guard: 0.
 - handle_deallocations: 1.


Internal statistics:

num_allocs_failed_limit: 0.
num_arena_births: 208.
num_arena_deaths: 0.
num_vsnodes_births: 4.
num_vsnodes_deaths: 0.
num_space_committed: 291.
num_space_uncommitted: 0.
num_chunks_returned_to_freelist: 0.
num_chunks_taken_from_freelist: 437.
num_chunk_merges: 0.
num_chunk_splits: 256.
num_chunks_enlarged: 134.
num_purges: 0.
num_inconsistent_stats: 0.

CodeHeap 'non-profiled nmethods': size=120000Kb used=410Kb max_used=410Kb free=119589Kb
 bounds [0x000001210b170000, 0x000001210b3e0000, 0x00000121126a0000]
CodeHeap 'profiled nmethods': size=120000Kb used=2116Kb max_used=2116Kb free=117883Kb
 bounds [0x0000012103c40000, 0x0000012103eb0000, 0x000001210b170000]
CodeHeap 'non-nmethods': size=5760Kb used=1231Kb max_used=1252Kb free=4528Kb
 bounds [0x00000121036a0000, 0x0000012103910000, 0x0000012103c40000]
 total_blobs=1751 nmethods=1218 adapters=446
 compilation: enabled
              stopped_count=0, restarted_count=0
 full_count=0

Compilation events (20 events):
Event: 0.614 Thread 0x000001211655c1a0 1169       3       jdk.internal.ref.PhantomCleanable::clean (16 bytes)
Event: 0.614 Thread 0x000001211655c1a0 nmethod 1169 0x0000012103e34510 code [0x0000012103e346e0, 0x0000012103e349a8]
Event: 0.614 Thread 0x000001211655c1a0 1170       3       jdk.internal.ref.CleanerImpl$PhantomCleanableRef::performCleanup (10 bytes)
Event: 0.614 Thread 0x000001211655c1a0 nmethod 1170 0x0000012103e34a90 code [0x0000012103e34c40, 0x0000012103e34e08]
Event: 0.615 Thread 0x000001211655c1a0 1171       3       java.util.ArrayDeque::elementAt (4 bytes)
Event: 0.615 Thread 0x000001211655c1a0 nmethod 1171 0x0000012103e34f10 code [0x0000012103e350a0, 0x0000012103e351b8]
Event: 0.615 Thread 0x000001211655c1a0 1172       3       java.net.URL::toString (5 bytes)
Event: 0.615 Thread 0x000001211655c1a0 nmethod 1172 0x0000012103e35290 code [0x0000012103e35440, 0x0000012103e35668]
Event: 0.615 Thread 0x000001211655c1a0 1173       3       java.net.URL::toExternalForm (9 bytes)
Event: 0.615 Thread 0x000001211655c1a0 nmethod 1173 0x0000012103e35790 code [0x0000012103e35940, 0x0000012103e35b08]
Event: 0.615 Thread 0x000001211655c1a0 1174       3       java.net.URLStreamHandler::toExternalForm (156 bytes)
Event: 0.616 Thread 0x000001211655c1a0 nmethod 1174 0x0000012103e35c10 code [0x0000012103e36020, 0x0000012103e37798]
Event: 0.622 Thread 0x000001211655c1a0 1176       3       java.lang.Character::getType (9 bytes)
Event: 0.622 Thread 0x000001211655c1a0 nmethod 1176 0x0000012103e37f10 code [0x0000012103e380c0, 0x0000012103e382b8]
Event: 0.622 Thread 0x000001211655c1a0 1177       3       java.lang.CharacterDataLatin1::getType (11 bytes)
Event: 0.622 Thread 0x000001211655c1a0 nmethod 1177 0x0000012103e38390 code [0x0000012103e38540, 0x0000012103e386f8]
Event: 0.622 Thread 0x000001211655c1a0 1179       3       java.util.regex.Pattern$Bound::isWord (38 bytes)
Event: 0.623 Thread 0x000001211655c1a0 nmethod 1179 0x0000012103e38810 code [0x0000012103e38a60, 0x0000012103e392e8]
Event: 0.623 Thread 0x000001211655c1a0 1178       3       java.lang.Character::isLetterOrDigit (19 bytes)
Event: 0.623 Thread 0x000001211655c1a0 nmethod 1178 0x0000012103e39590 code [0x0000012103e39740, 0x0000012103e399f8]

GC Heap History (0 events):
No events

Dll operation events (2 events):
Event: 0.005 Loaded shared library D:\Java Ultimate\IntelliJ IDEA 2022.2.3\jbr\bin\java.dll
Event: 0.382 Loaded shared library D:\Java Ultimate\IntelliJ IDEA 2022.2.3\jbr\bin\verify.dll

Deoptimization events (20 events):
Event: 0.545 Thread 0x00000121175c88c0 DEOPT PACKING pc=0x0000012103db2e6e sp=0x000000124d7fcf00
Event: 0.545 Thread 0x00000121175c88c0 DEOPT UNPACKING pc=0x00000121036f66e3 sp=0x000000124d7fc358 mode 0
Event: 0.545 Thread 0x00000121175c88c0 DEOPT PACKING pc=0x0000012103db2e6e sp=0x000000124d7fcee0
Event: 0.545 Thread 0x00000121175c88c0 DEOPT UNPACKING pc=0x00000121036f66e3 sp=0x000000124d7fc338 mode 0
Event: 0.545 Thread 0x00000121175c88c0 DEOPT PACKING pc=0x0000012103db2e6e sp=0x000000124d7fcf00
Event: 0.545 Thread 0x00000121175c88c0 DEOPT UNPACKING pc=0x00000121036f66e3 sp=0x000000124d7fc358 mode 0
Event: 0.546 Thread 0x00000121175c88c0 DEOPT PACKING pc=0x0000012103db2e6e sp=0x000000124d7fcee0
Event: 0.546 Thread 0x00000121175c88c0 DEOPT UNPACKING pc=0x00000121036f66e3 sp=0x000000124d7fc338 mode 0
Event: 0.546 Thread 0x00000121175c88c0 DEOPT PACKING pc=0x0000012103db2e6e sp=0x000000124d7fcf00
Event: 0.546 Thread 0x00000121175c88c0 DEOPT UNPACKING pc=0x00000121036f66e3 sp=0x000000124d7fc358 mode 0
Event: 0.546 Thread 0x00000121175c88c0 DEOPT PACKING pc=0x0000012103db2e6e sp=0x000000124d7fcee0
Event: 0.546 Thread 0x00000121175c88c0 DEOPT UNPACKING pc=0x00000121036f66e3 sp=0x000000124d7fc338 mode 0
Event: 0.568 Thread 0x00000121175c88c0 Uncommon trap: trap_request=0xffffff45 fr.pc=0x000001210b1c0e18 relative=0x00000000000007b8
Event: 0.568 Thread 0x00000121175c88c0 Uncommon trap: reason=unstable_if action=reinterpret pc=0x000001210b1c0e18 method=java.lang.Integer.parseInt(Ljava/lang/String;I)I @ 119 c2
Event: 0.568 Thread 0x00000121175c88c0 DEOPT PACKING pc=0x000001210b1c0e18 sp=0x000000124d7fda50
Event: 0.568 Thread 0x00000121175c88c0 DEOPT UNPACKING pc=0x00000121036f5ba3 sp=0x000000124d7fd9c8 mode 2
Event: 0.622 Thread 0x00000121175c88c0 Uncommon trap: trap_request=0xffffffc6 fr.pc=0x000001210b1d2158 relative=0x0000000000001218
Event: 0.622 Thread 0x00000121175c88c0 Uncommon trap: reason=bimorphic_or_optimized_type_check action=maybe_recompile pc=0x000001210b1d2158 method=java.util.HashMap.putVal(ILjava/lang/Object;Ljava/lang/Object;ZZ)Ljava/lang/Object; @ 56 c2
Event: 0.622 Thread 0x00000121175c88c0 DEOPT PACKING pc=0x000001210b1d2158 sp=0x000000124d7fd930
Event: 0.622 Thread 0x00000121175c88c0 DEOPT UNPACKING pc=0x00000121036f5ba3 sp=0x000000124d7fd8b8 mode 2

Classes unloaded (0 events):
No events

Classes redefined (0 events):
No events

Internal exceptions (20 events):
Event: 0.205 Thread 0x000001217d4429c0 Exception <a 'java/lang/NoSuchMethodError'{0x00000000d8d3ebd8}: 'java.lang.Object java.lang.invoke.DirectMethodHandle$Holder.invokeStaticInit(java.lang.Object)'> (0x00000000d8d3ebd8) 
thrown [s\src\hotspot\share\interpreter\linkResolver.cpp, line 771]
Event: 0.245 Thread 0x000001217d4429c0 Exception <a 'java/lang/NoSuchMethodError'{0x00000000d8c5eec8}: 'java.lang.Object java.lang.invoke.DirectMethodHandle$Holder.invokeStaticInit(java.lang.Object, int, int, int, int)'> (0x00000000d8c5eec8) 
thrown [s\src\hotspot\share\interpreter\linkResolver.cpp, line 771]
Event: 0.272 Thread 0x000001217d4429c0 Exception <a 'java/lang/NoSuchMethodError'{0x00000000d8cca160}: 'java.lang.Object java.lang.invoke.DirectMethodHandle$Holder.invokeStaticInit(java.lang.Object, java.lang.Object, int, int, int, int)'> (0x00000000d8cca160) 
thrown [s\src\hotspot\share\interpreter\linkResolver.cpp, line 771]
Event: 0.287 Thread 0x000001217d4429c0 Exception <a 'java/lang/NoSuchMethodError'{0x00000000d8b05250}: 'void java.lang.invoke.DirectMethodHandle$Holder.invokeStatic(java.lang.Object, java.lang.Object)'> (0x00000000d8b05250) 
thrown [s\src\hotspot\share\interpreter\linkResolver.cpp, line 771]
Event: 0.315 Thread 0x000001217d4429c0 Exception <a 'java/lang/NoSuchMethodError'{0x00000000d8a5cba8}: 'java.lang.Object java.lang.invoke.Invokers$Holder.linkToTargetMethod(java.lang.Object, long, java.lang.Object)'> (0x00000000d8a5cba8) 
thrown [s\src\hotspot\share\interpreter\linkResolver.cpp, line 771]
Event: 0.346 Thread 0x00000121175c88c0 Exception <a 'java/lang/NoSuchMethodError'{0x00000000d8925e60}: static [B.<clinit>()V> (0x00000000d8925e60) 
thrown [s\src\hotspot\share\prims\jni.cpp, line 1108]
Event: 0.355 Thread 0x00000121175c88c0 Exception <a 'java/lang/NoSuchMethodError'{0x00000000d89573f8}: static [Ljava/rmi/server/ObjID;.<clinit>()V> (0x00000000d89573f8) 
thrown [s\src\hotspot\share\prims\jni.cpp, line 1108]
Event: 0.357 Thread 0x00000121175ca0d0 Exception <a 'java/lang/InterruptedException'{0x00000000d89ee0d8}> (0x00000000d89ee0d8) 
thrown [s\src\hotspot\share\runtime\objectMonitor.cpp, line 1648]
Event: 0.357 Thread 0x00000121175ca0d0 Exception <a 'java/lang/NoSuchMethodError'{0x00000000d89f6878}: 'java.lang.Object java.lang.invoke.DirectMethodHandle$Holder.newInvokeSpecial(java.lang.Object, java.lang.Object, int, java.lang.Object, long)'> (0x00000000d89f6878) 
thrown [s\src\hotspot\share\interpreter\linkResolver.cpp, line 771]
Event: 0.402 Thread 0x00000121175c88c0 Exception <a 'java/lang/NoSuchMethodError'{0x00000000d8627970}: 'java.lang.Object java.lang.invoke.DirectMethodHandle$Holder.invokeVirtual(java.lang.Object, java.lang.Object, java.lang.Object, java.lang.Object)'> (0x00000000d8627970) 
thrown [s\src\hotspot\share\interpreter\linkResolver.cpp, line 771]
Event: 0.403 Thread 0x00000121175c88c0 Exception <a 'java/lang/NoSuchMethodError'{0x00000000d8630188}: 'void java.lang.invoke.DirectMethodHandle$Holder.invokeStatic(java.lang.Object, java.lang.Object, java.lang.Object, java.lang.Object)'> (0x00000000d8630188) 
thrown [s\src\hotspot\share\interpreter\linkResolver.cpp, line 771]
Event: 0.410 Thread 0x00000121175c88c0 Exception <a 'java/lang/NoSuchMethodError'{0x00000000d86a2a10}: 'int java.lang.invoke.DirectMethodHandle$Holder.invokeStaticInit(java.lang.Object, java.lang.Object, java.lang.Object, java.lang.Object)'> (0x00000000d86a2a10) 
thrown [s\src\hotspot\share\interpreter\linkResolver.cpp, line 771]
Event: 0.410 Thread 0x00000121175c88c0 Exception <a 'java/lang/NoSuchMethodError'{0x00000000d86ac138}: 'java.lang.Object java.lang.invoke.DirectMethodHandle$Holder.invokeInterface(java.lang.Object, java.lang.Object)'> (0x00000000d86ac138) 
thrown [s\src\hotspot\share\interpreter\linkResolver.cpp, line 771]
Event: 0.411 Thread 0x00000121175c88c0 Exception <a 'java/lang/IncompatibleClassChangeError'{0x00000000d86af9d0}: Found class java.lang.Object, but interface was expected> (0x00000000d86af9d0) 
thrown [s\src\hotspot\share\interpreter\linkResolver.cpp, line 838]
Event: 0.411 Thread 0x00000121175c88c0 Exception <a 'java/lang/NoSuchMethodError'{0x00000000d86b28c8}: 'void java.lang.invoke.DirectMethodHandle$Holder.invokeStaticInit(java.lang.Object, java.lang.Object)'> (0x00000000d86b28c8) 
thrown [s\src\hotspot\share\interpreter\linkResolver.cpp, line 771]
Event: 0.412 Thread 0x00000121175c88c0 Exception <a 'java/lang/NoSuchMethodError'{0x00000000d86b89b8}: 'int java.lang.invoke.DirectMethodHandle$Holder.invokeStaticInit(java.lang.Object, java.lang.Object)'> (0x00000000d86b89b8) 
thrown [s\src\hotspot\share\interpreter\linkResolver.cpp, line 771]
Event: 0.441 Thread 0x00000121175c88c0 Exception <a 'java/lang/NoSuchMethodError'{0x00000000d858fd90}: 'int java.lang.invoke.DirectMethodHandle$Holder.invokeSpecial(java.lang.Object, java.lang.Object, java.lang.Object)'> (0x00000000d858fd90) 
thrown [s\src\hotspot\share\interpreter\linkResolver.cpp, line 771]
Event: 0.512 Thread 0x00000121175c88c0 Exception <a 'sun/nio/fs/WindowsException'{0x00000000d829d280}> (0x00000000d829d280) 
thrown [s\src\hotspot\share\prims\jni.cpp, line 517]
Event: 0.546 Thread 0x00000121175c88c0 Exception <a 'java/lang/NoSuchMethodError'{0x00000000d82e8358}: 'void java.lang.invoke.DirectMethodHandle$Holder.invokeStatic(java.lang.Object, java.lang.Object, java.lang.Object)'> (0x00000000d82e8358) 
thrown [s\src\hotspot\share\interpreter\linkResolver.cpp, line 771]
Event: 0.604 Thread 0x00000121175c88c0 Exception <a 'java/lang/NoSuchMethodError'{0x00000000d7f65a78}: 'java.lang.Object java.lang.invoke.DirectMethodHandle$Holder.invokeStaticInit(java.lang.Object, java.lang.Object, java.lang.Object)'> (0x00000000d7f65a78) 
thrown [s\src\hotspot\share\interpreter\linkResolver.cpp, line 771]

VM Operations (10 events):
Event: 0.107 Executing VM operation: HandshakeAllThreads
Event: 0.108 Executing VM operation: HandshakeAllThreads done
Event: 0.222 Executing VM operation: HandshakeAllThreads
Event: 0.222 Executing VM operation: HandshakeAllThreads done
Event: 0.236 Executing VM operation: HandshakeAllThreads
Event: 0.236 Executing VM operation: HandshakeAllThreads done
Event: 0.504 Executing VM operation: HandshakeAllThreads
Event: 0.504 Executing VM operation: HandshakeAllThreads done
Event: 0.517 Executing VM operation: HandshakeAllThreads
Event: 0.517 Executing VM operation: HandshakeAllThreads done

Events (20 events):
Event: 0.596 loading class sun/util/calendar/CalendarUtils done
Event: 0.605 Thread 0x00000121175c9730 Thread added: 0x00000121175c9730
Event: 0.608 loading class java/util/regex/Pattern$Bound
Event: 0.608 loading class java/util/regex/Pattern$Bound done
Event: 0.613 loading class java/util/TimerTask
Event: 0.613 loading class java/util/TimerTask done
Event: 0.615 loading class java/util/concurrent/atomic/AtomicIntegerFieldUpdater
Event: 0.615 loading class java/util/concurrent/atomic/AtomicIntegerFieldUpdater done
Event: 0.615 loading class java/util/concurrent/atomic/AtomicIntegerFieldUpdater$AtomicIntegerFieldUpdaterImpl
Event: 0.615 loading class java/util/concurrent/atomic/AtomicIntegerFieldUpdater$AtomicIntegerFieldUpdaterImpl done
Event: 0.615 loading class java/util/concurrent/atomic/AtomicIntegerFieldUpdater$AtomicIntegerFieldUpdaterImpl$1
Event: 0.615 loading class java/util/concurrent/atomic/AtomicIntegerFieldUpdater$AtomicIntegerFieldUpdaterImpl$1 done
Event: 0.617 loading class java/lang/invoke/DirectMethodHandle$Special
Event: 0.617 loading class java/lang/invoke/DirectMethodHandle$Special done
Event: 0.620 loading class java/net/UnknownHostException
Event: 0.620 loading class java/net/UnknownHostException done
Event: 0.620 loading class java/io/CharArrayReader
Event: 0.620 loading class java/io/CharArrayReader done
Event: 0.621 loading class java/lang/StrictMath
Event: 0.622 loading class java/lang/StrictMath done


Dynamic libraries:
0x00007ff78fa40000 - 0x00007ff78fa4a000 	D:\Java Ultimate\IntelliJ IDEA 2022.2.3\jbr\bin\java.exe
0x00007fffa2120000 - 0x00007fffa2310000 	C:\Windows\SYSTEM32\ntdll.dll
0x00007fffa1ae0000 - 0x00007fffa1b92000 	C:\Windows\System32\KERNEL32.DLL
0x00007fff9fec0000 - 0x00007fffa0163000 	C:\Windows\System32\KERNELBASE.dll
0x00007fff9f1d0000 - 0x00007fff9f2ca000 	C:\Windows\System32\ucrtbase.dll
0x00007fff87560000 - 0x00007fff87577000 	D:\Java Ultimate\IntelliJ IDEA 2022.2.3\jbr\bin\jli.dll
0x00007fff87c40000 - 0x00007fff87c5b000 	D:\Java Ultimate\IntelliJ IDEA 2022.2.3\jbr\bin\VCRUNTIME140.dll
0x00007fffa1940000 - 0x00007fffa1ad4000 	C:\Windows\System32\USER32.dll
0x00007fff76100000 - 0x00007fff76385000 	C:\Windows\WinSxS\amd64_microsoft.windows.common-controls_6595b64144ccf1df_6.0.18362.476_none_e6c4b11b130f2595\COMCTL32.dll
0x00007fff9f1a0000 - 0x00007fff9f1c1000 	C:\Windows\System32\win32u.dll
0x00007fffa14b0000 - 0x00007fffa154e000 	C:\Windows\System32\msvcrt.dll
0x00007fffa1ba0000 - 0x00007fffa1bc6000 	C:\Windows\System32\GDI32.dll
0x00007fffa1d70000 - 0x00007fffa20a6000 	C:\Windows\System32\combase.dll
0x00007fff9fb00000 - 0x00007fff9fc94000 	C:\Windows\System32\gdi32full.dll
0x00007fffa1c50000 - 0x00007fffa1d70000 	C:\Windows\System32\RPCRT4.dll
0x00007fff9f100000 - 0x00007fff9f19e000 	C:\Windows\System32\msvcp_win.dll
0x00007fff9f080000 - 0x00007fff9f100000 	C:\Windows\System32\bcryptPrimitives.dll
0x00007fffa05c0000 - 0x00007fffa05ee000 	C:\Windows\System32\IMM32.DLL
0x00007fff97fb0000 - 0x00007fff97fbc000 	D:\Java Ultimate\IntelliJ IDEA 2022.2.3\jbr\bin\vcruntime140_1.dll
0x00007fff63aa0000 - 0x00007fff63b2d000 	D:\Java Ultimate\IntelliJ IDEA 2022.2.3\jbr\bin\msvcp140.dll
0x00007fff1dc70000 - 0x00007fff1e8db000 	D:\Java Ultimate\IntelliJ IDEA 2022.2.3\jbr\bin\server\jvm.dll
0x00007fffa1640000 - 0x00007fffa16e3000 	C:\Windows\System32\ADVAPI32.dll
0x00007fffa16f0000 - 0x00007fffa1787000 	C:\Windows\System32\sechost.dll
0x00007fff80d00000 - 0x00007fff80d09000 	C:\Windows\SYSTEM32\WSOCK32.dll
0x00007fff9b8a0000 - 0x00007fff9b8c4000 	C:\Windows\SYSTEM32\WINMM.dll
0x00007fffa0490000 - 0x00007fffa04ff000 	C:\Windows\System32\WS2_32.dll
0x00007fff95df0000 - 0x00007fff95dfa000 	C:\Windows\SYSTEM32\VERSION.dll
0x00007fff9b870000 - 0x00007fff9b89d000 	C:\Windows\SYSTEM32\WINMMBASE.dll
0x00007fff9f2d0000 - 0x00007fff9f31a000 	C:\Windows\System32\cfgmgr32.dll
0x00007fff9eff0000 - 0x00007fff9f001000 	C:\Windows\System32\kernel.appcore.dll
0x00007fff9b900000 - 0x00007fff9b90a000 	D:\Java Ultimate\IntelliJ IDEA 2022.2.3\jbr\bin\jimage.dll
0x00007fff9d8a0000 - 0x00007fff9da94000 	C:\Windows\SYSTEM32\DBGHELP.DLL
0x00007fff7f050000 - 0x00007fff7f07a000 	C:\Windows\SYSTEM32\dbgcore.DLL
0x00007fff854b0000 - 0x00007fff854d5000 	D:\Java Ultimate\IntelliJ IDEA 2022.2.3\jbr\bin\java.dll
0x00007fff85490000 - 0x00007fff854a8000 	D:\Java Ultimate\IntelliJ IDEA 2022.2.3\jbr\bin\zip.dll
0x00007fffa0dc0000 - 0x00007fffa14a5000 	C:\Windows\System32\SHELL32.dll
0x00007fffa0510000 - 0x00007fffa05b9000 	C:\Windows\System32\shcore.dll
0x00007fff9f380000 - 0x00007fff9fafe000 	C:\Windows\System32\windows.storage.dll
0x00007fff9f010000 - 0x00007fff9f02f000 	C:\Windows\System32\profapi.dll
0x00007fff9f030000 - 0x00007fff9f07a000 	C:\Windows\System32\powrprof.dll
0x00007fff9efc0000 - 0x00007fff9efd0000 	C:\Windows\System32\UMPDC.dll
0x00007fffa0360000 - 0x00007fffa03b2000 	C:\Windows\System32\shlwapi.dll
0x00007fff9fdf0000 - 0x00007fff9fe07000 	C:\Windows\System32\cryptsp.dll
0x00007fff85470000 - 0x00007fff85489000 	D:\Java Ultimate\IntelliJ IDEA 2022.2.3\jbr\bin\net.dll
0x00007fff9a8b0000 - 0x00007fff9a9a0000 	C:\Windows\SYSTEM32\WINHTTP.dll
0x00007fff9e7d0000 - 0x00007fff9e837000 	C:\Windows\system32\mswsock.dll
0x00007fff853e0000 - 0x00007fff853f6000 	D:\Java Ultimate\IntelliJ IDEA 2022.2.3\jbr\bin\nio.dll
0x00007fff56110000 - 0x00007fff562a3000 	D:\Java Ultimate\IntelliJ IDEA 2022.2.3\jbr\bin\awt.dll
0x00007fffa0a70000 - 0x00007fffa0b34000 	C:\Windows\System32\OLEAUT32.dll
0x00007fff9d2b0000 - 0x00007fff9d2dd000 	C:\Windows\SYSTEM32\dwmapi.dll
0x00007fff9cd80000 - 0x00007fff9ce0f000 	C:\Windows\SYSTEM32\apphelp.dll
0x00007fff9cf60000 - 0x00007fff9cff9000 	C:\Windows\system32\uxtheme.dll
0x00007fffa0c80000 - 0x00007fffa0db6000 	C:\Windows\System32\MSCTF.dll
0x00007fffa0200000 - 0x00007fffa0356000 	C:\Windows\System32\ole32.dll
0x00007fff9e4e0000 - 0x00007fff9e51a000 	C:\Windows\SYSTEM32\IPHLPAPI.DLL
0x00007fffa0c70000 - 0x00007fffa0c78000 	C:\Windows\System32\NSI.dll
0x00007fff987e0000 - 0x00007fff987f6000 	C:\Windows\SYSTEM32\dhcpcsvc6.DLL
0x00007fff987c0000 - 0x00007fff987dc000 	C:\Windows\SYSTEM32\dhcpcsvc.DLL
0x00007fff9e520000 - 0x00007fff9e5ea000 	C:\Windows\SYSTEM32\DNSAPI.dll
0x00007fff9e340000 - 0x00007fff9e373000 	C:\Windows\system32\rsaenh.dll
0x00007fffa0170000 - 0x00007fffa0196000 	C:\Windows\System32\bcrypt.dll
0x00007fff9eee0000 - 0x00007fff9ef05000 	C:\Windows\SYSTEM32\USERENV.dll
0x00007fff9e9a0000 - 0x00007fff9e9ac000 	C:\Windows\SYSTEM32\CRYPTBASE.dll
0x00007fff69e40000 - 0x00007fff69e47000 	D:\Java Ultimate\IntelliJ IDEA 2022.2.3\jbr\bin\rmi.dll
0x00007fff9b8f0000 - 0x00007fff9b900000 	D:\Java Ultimate\IntelliJ IDEA 2022.2.3\jbr\bin\verify.dll
0x000000006d110000 - 0x000000006d136000 	C:\Program Files\Bonjour\mdnsNSP.dll
0x00007fff92d00000 - 0x00007fff92d0a000 	C:\Windows\System32\rasadhlp.dll
0x00007fff92c80000 - 0x00007fff92cf7000 	C:\Windows\System32\fwpuclnt.dll
0x00007fff9b520000 - 0x00007fff9b529000 	D:\Java Ultimate\IntelliJ IDEA 2022.2.3\jbr\bin\management.dll
0x00007fff98900000 - 0x00007fff9890b000 	D:\Java Ultimate\IntelliJ IDEA 2022.2.3\jbr\bin\management_ext.dll
0x00007fffa0500000 - 0x00007fffa0508000 	C:\Windows\System32\PSAPI.DLL
0x00007fff97fd0000 - 0x00007fff97fde000 	D:\Java Ultimate\IntelliJ IDEA 2022.2.3\jbr\bin\sunmscapi.dll
0x00007fff9fca0000 - 0x00007fff9fde9000 	C:\Windows\System32\CRYPT32.dll
0x00007fff9efd0000 - 0x00007fff9efe2000 	C:\Windows\System32\MSASN1.dll
0x00007fff9eaa0000 - 0x00007fff9eac6000 	C:\Windows\SYSTEM32\ncrypt.dll
0x00007fff9ea60000 - 0x00007fff9ea9b000 	C:\Windows\SYSTEM32\NTASN1.dll

dbghelp: loaded successfully - version: 4.0.5 - missing functions: none
symbol engine: initialized successfully - sym options: 0x614 - pdb path: .;D:\Java Ultimate\IntelliJ IDEA 2022.2.3\jbr\bin;C:\Windows\SYSTEM32;C:\Windows\WinSxS\amd64_microsoft.windows.common-controls_6595b64144ccf1df_6.0.18362.476_none_e6c4b11b130f2595;D:\Java Ultimate\IntelliJ IDEA 2022.2.3\jbr\bin\server;C:\Program Files\Bonjour

VM Arguments:
jvm_args: -Dawt.toolkit=com.intellij.desktop.DesktopActionsToolkit -Djava.rmi.server.hostname=127.0.0.1 -Duser.timezone=UTC -Xmx750m -Xms128m --add-exports=java.desktop/sun.awt=ALL-UNNAMED --add-exports=java.desktop/java.awt.peer=ALL-UNNAMED --add-opens=java.desktop/java.awt=ALL-UNNAMED --add-opens=jdk.unsupported/sun.misc=ALL-UNNAMED --add-opens=java.base/java.nio=ALL-UNNAMED --add-opens=java.base/java.util=ALL-UNNAMED -Dfile.encoding=UTF-8 
java_command: com.intellij.database.remote.RemoteJdbcServer org.postgresql.Driver
java_class_path (initial): D:\Java Ultimate\IntelliJ IDEA 2022.2.3\lib\util_rt.jar;D:\Java Ultimate\IntelliJ IDEA 2022.2.3\lib\util.jar;D:\Java Ultimate\IntelliJ IDEA 2022.2.3\lib\groovy.jar;D:\Java Ultimate\IntelliJ IDEA 2022.2.3\plugins\DatabaseTools\lib\jdbc-console.jar;C:\Users\Пользователь\AppData\Roaming\JetBrains\IntelliJIdea2022.2\jdbc-drivers\PostgreSQL\42.6.0\org\postgresql\postgresql\42.6.0\postgresql-42.6.0.jar;C:\Users\Пользователь\AppData\Roaming\JetBrains\IntelliJIdea2022.2\jdbc-drivers\PostgreSQL\42.6.0\org\checkerframework\checker-qual\3.31.0\checker-qual-3.31.0.jar;C:\Users\Пользователь\AppData\Roaming\JetBrains\IntelliJIdea2022.2\jdbc-drivers\PostgreSQL\42.6.0\com\github\waffle\waffle-jna\1.9.1\waffle-jna-1.9.1.jar;C:\Users\Пользователь\AppData\Roaming\JetBrains\IntelliJIdea2022.2\jdbc-drivers\PostgreSQL\42.6.0\net\java\dev\jna\jna\4.5.1\jna-4.5.1.jar;C:\Users\Пользователь\AppData\Roaming\JetBrains\IntelliJIdea2022.2\jdbc-drivers\PostgreSQL\42.6.0\net\java\dev\jna\jna-platform\4.5.1\jna-platform-4.5.1.jar;C:\Users\Пользователь\AppData\Roaming\JetBrains\IntelliJIdea2022.2\jdbc-drivers\PostgreSQL\42.6.0\org\slf4j\jcl-over-slf4j\1.7.25\jcl-over-slf4j-1.7.25.jar;C:\Users\Пользователь\AppData\Roaming\JetBrains\IntelliJIdea2022.2\jdbc-drivers\PostgreSQL\42.6.0\org\slf4j\slf4j-api\1.7.25\slf4j-api-1.7.25.jar;C:\Users\Пользователь\AppData\Roaming\JetBrains\IntelliJIdea2022.2\jdbc-drivers\PostgreSQL\42.6.0\com\github\ben-manes\caffeine\caffeine\2.6.2\caffeine-2.6.2.jar
Launcher Type: SUN_STANDARD

[Global flags]
     intx CICompilerCount                          = 4                                         {product} {ergonomic}
     uint ConcGCThreads                            = 2                                         {product} {ergonomic}
     uint G1ConcRefinementThreads                  = 8                                         {product} {ergonomic}
   size_t G1HeapRegionSize                         = 1048576                                   {product} {ergonomic}
    uintx GCDrainStackTargetSize                   = 64                                        {product} {ergonomic}
   size_t InitialHeapSize                          = 134217728                                 {product} {command line}
   size_t MarkStackSize                            = 4194304                                   {product} {ergonomic}
   size_t MaxHeapSize                              = 786432000                                 {product} {command line}
   size_t MaxNewSize                               = 471859200                                 {product} {ergonomic}
   size_t MinHeapDeltaBytes                        = 1048576                                   {product} {ergonomic}
   size_t MinHeapSize                              = 134217728                                 {product} {command line}
    uintx NonNMethodCodeHeapSize                   = 5839372                                {pd product} {ergonomic}
    uintx NonProfiledCodeHeapSize                  = 122909434                              {pd product} {ergonomic}
    uintx ProfiledCodeHeapSize                     = 122909434                              {pd product} {ergonomic}
    uintx ReservedCodeCacheSize                    = 251658240                              {pd product} {ergonomic}
     bool SegmentedCodeCache                       = true                                      {product} {ergonomic}
   size_t SoftMaxHeapSize                          = 786432000                              {manageable} {ergonomic}
     bool UseCompressedClassPointers               = true                           {product lp64_product} {ergonomic}
     bool UseCompressedOops                        = true                           {product lp64_product} {ergonomic}
     bool UseG1GC                                  = true                                      {product} {ergonomic}
     bool UseLargePagesIndividualAllocation        = false                                  {pd product} {ergonomic}

Logging:
Log output configuration:
 #0: stdout all=warning uptime,level,tags
 #1: stderr all=off uptime,level,tags

Environment Variables:
PATH=C:\Program Files\Eclipse Foundation\jdk-8.0.302.8-hotspot\bin;C:\Program Files\Common Files\Oracle\Java\javapath;C:\Windows\system32;C:\Windows;C:\Windows\System32\Wbem;C:\Windows\System32\WindowsPowerShell\v1.0\;C:\Windows\System32\OpenSSH\;C:\Program Files\7-Zip;C:\Program Files (x86)\Pinnacle\Shared Files\;C:\Program Files\Microsoft SQL Server\130\Tools\Binn\;C:\Program Files\dotnet\;C:\Program Files\Microsoft SQL Server\Client SDK\ODBC\170\Tools\Binn\;C:\Program Files\Git\cmd;C:\Program Files (x86)\dotnet\;D:\OTCmatlab\Matlab912Win\MathLab\MATLAB\R2022a\runtime\win64;D:\OTCmatlab\Matlab912Win\MathLab\MATLAB\R2022a\bin;D:\Python (APP)\Scripts\;D:\Python (APP)\;C:\Users\Пользователь\AppData\Local\Microsoft\WindowsApps;D:\Java1\IntelliJ IDEA Community Edition 2021.3.2\bin;;D:\PyCharm Professional\PyCharm Community Edition 2022.2.1\bin;;D:\PyCharm Professional\PyCharm 2022.2.1\bin;;C:\Users\Пользователь\.dotnet\tools
USERNAME=Пользователь
OS=Windows_NT
PROCESSOR_IDENTIFIER=Intel64 Family 6 Model 140 Stepping 1, GenuineIntel
TMP=C:\Users\73B5~1\AppData\Local\Temp
TEMP=C:\Users\73B5~1\AppData\Local\Temp



---------------  S Y S T E M  ---------------

OS:
 Windows 10 , 64 bit Build 18362 (10.0.18362.329)
OS uptime: 0 days 2:44 hours

CPU: total 8 (initial active 8) (4 cores per cpu, 2 threads per core) family 6 model 140 stepping 1 microcode 0x66, cx8, cmov, fxsr, ht, mmx, 3dnowpref, sse, sse2, sse3, ssse3, sse4.1, sse4.2, popcnt, lzcnt, tsc, tscinvbit, avx, avx2, aes, erms, clmul, bmi1, bmi2, adx, avx512f, avx512dq, avx512cd, avx512bw, avx512vl, sha, fma, vzeroupper, avx512_vpopcntdq, avx512_vpclmulqdq, avx512_vaes, avx512_vnni, clflush, clflushopt, clwb, avx512_vbmi2, avx512_vbmi

Memory: 4k page, system-wide physical 7834M (966M free)
TotalPageFile size 9882M (AvailPageFile size 4M)
current process WorkingSet (physical memory assigned to process): 93M, peak: 93M
current process commit charge ("private bytes"): 240M, peak: 241M

vm_info: OpenJDK 64-Bit Server VM (17.0.5+7-b469.71) for windows-amd64 JRE (17.0.5+7-b469.71), built on 2022-11-10 by "builduser" with MS VC++ 16.10 / 16.11 (VS2019)

END.
